<?xml version="1.0" encoding="UTF-8"?>
<testsuite xmlns:xsi="http://www.w3.org/2001/XMLSchema-instance" xsi:noNamespaceSchemaLocation="https://maven.apache.org/surefire/maven-surefire-plugin/xsd/surefire-test-report.xsd" name="com.ningmeng.manage_course.dao.TestDao" time="14.721" tests="2" errors="2" skipped="0" failures="0">
  <properties>
[...]
</properties>
  <testcase name="testCourseMapper" classname="com.ningmeng.manage_course.dao.TestDao" time="0.001">
    <error message="Failed to load ApplicationContext" type="java.lang.IllegalStateException">java.lang.IllegalStateException: Failed to load ApplicationContext
Caused by: org.springframework.beans.factory.BeanCreationException: Error creating bean with name 'courseController': Injection of resource dependencies failed; nested exception is org.springframework.beans.factory.BeanCreationException: Error creating bean with name 'courseService': Injection of resource dependencies failed; nested exception is org.springframework.beans.factory.BeanCreationException: Error creating bean with name 'teachplanMapper' defined in file [D:\idea\code\nm-service-manage-course\target\classes\com\ningmeng\manage_course\dao\TeachplanMapper.class]: Invocation of init method failed; nested exception is java.lang.IllegalArgumentException: org.apache.ibatis.builder.BuilderException: Error creating document instance.  Cause: org.xml.sax.SAXParseException; lineNumber: 16; columnNumber: 17; 元素类型为 "resultMap" 的内容必须匹配 "(constructor?,id*,result*,association*,collection*,discriminator?)"。
Caused by: org.springframework.beans.factory.BeanCreationException: Error creating bean with name 'courseService': Injection of resource dependencies failed; nested exception is org.springframework.beans.factory.BeanCreationException: Error creating bean with name 'teachplanMapper' defined in file [D:\idea\code\nm-service-manage-course\target\classes\com\ningmeng\manage_course\dao\TeachplanMapper.class]: Invocation of init method failed; nested exception is java.lang.IllegalArgumentException: org.apache.ibatis.builder.BuilderException: Error creating document instance.  Cause: org.xml.sax.SAXParseException; lineNumber: 16; columnNumber: 17; 元素类型为 "resultMap" 的内容必须匹配 "(constructor?,id*,result*,association*,collection*,discriminator?)"。
Caused by: org.springframework.beans.factory.BeanCreationException: Error creating bean with name 'teachplanMapper' defined in file [D:\idea\code\nm-service-manage-course\target\classes\com\ningmeng\manage_course\dao\TeachplanMapper.class]: Invocation of init method failed; nested exception is java.lang.IllegalArgumentException: org.apache.ibatis.builder.BuilderException: Error creating document instance.  Cause: org.xml.sax.SAXParseException; lineNumber: 16; columnNumber: 17; 元素类型为 "resultMap" 的内容必须匹配 "(constructor?,id*,result*,association*,collection*,discriminator?)"。
Caused by: java.lang.IllegalArgumentException: org.apache.ibatis.builder.BuilderException: Error creating document instance.  Cause: org.xml.sax.SAXParseException; lineNumber: 16; columnNumber: 17; 元素类型为 "resultMap" 的内容必须匹配 "(constructor?,id*,result*,association*,collection*,discriminator?)"。
Caused by: org.apache.ibatis.builder.BuilderException: Error creating document instance.  Cause: org.xml.sax.SAXParseException; lineNumber: 16; columnNumber: 17; 元素类型为 "resultMap" 的内容必须匹配 "(constructor?,id*,result*,association*,collection*,discriminator?)"。
Caused by: org.xml.sax.SAXParseException: 元素类型为 "resultMap" 的内容必须匹配 "(constructor?,id*,result*,association*,collection*,discriminator?)"。
</error>
    <system-out><![CDATA[22:04:03.778 [main] DEBUG org.springframework.test.context.junit4.SpringJUnit4ClassRunner - SpringJUnit4ClassRunner constructor called with [class com.ningmeng.manage_course.dao.TestDao]
22:04:03.786 [main] DEBUG org.springframework.test.context.BootstrapUtils - Instantiating CacheAwareContextLoaderDelegate from class [org.springframework.test.context.cache.DefaultCacheAwareContextLoaderDelegate]
22:04:03.795 [main] DEBUG org.springframework.test.context.BootstrapUtils - Instantiating BootstrapContext using constructor [public org.springframework.test.context.support.DefaultBootstrapContext(java.lang.Class,org.springframework.test.context.CacheAwareContextLoaderDelegate)]
22:04:03.819 [main] DEBUG org.springframework.test.context.BootstrapUtils - Instantiating TestContextBootstrapper for test class [com.ningmeng.manage_course.dao.TestDao] from class [org.springframework.boot.test.context.SpringBootTestContextBootstrapper]
22:04:03.836 [main] INFO org.springframework.boot.test.context.SpringBootTestContextBootstrapper - Neither @ContextConfiguration nor @ContextHierarchy found for test class [com.ningmeng.manage_course.dao.TestDao], using SpringBootContextLoader
22:04:03.840 [main] DEBUG org.springframework.test.context.support.AbstractContextLoader - Did not detect default resource location for test class [com.ningmeng.manage_course.dao.TestDao]: class path resource [com/ningmeng/manage_course/dao/TestDao-context.xml] does not exist
22:04:03.840 [main] DEBUG org.springframework.test.context.support.AbstractContextLoader - Did not detect default resource location for test class [com.ningmeng.manage_course.dao.TestDao]: class path resource [com/ningmeng/manage_course/dao/TestDaoContext.groovy] does not exist
22:04:03.840 [main] INFO org.springframework.test.context.support.AbstractContextLoader - Could not detect default resource locations for test class [com.ningmeng.manage_course.dao.TestDao]: no resource found for suffixes {-context.xml, Context.groovy}.
22:04:03.841 [main] INFO org.springframework.test.context.support.AnnotationConfigContextLoaderUtils - Could not detect default configuration classes for test class [com.ningmeng.manage_course.dao.TestDao]: TestDao does not declare any static, non-private, non-final, nested classes annotated with @Configuration.
22:04:03.892 [main] DEBUG org.springframework.test.context.support.ActiveProfilesUtils - Could not find an 'annotation declaring class' for annotation type [org.springframework.test.context.ActiveProfiles] and class [com.ningmeng.manage_course.dao.TestDao]
22:04:03.904 [main] DEBUG org.springframework.core.env.StandardEnvironment - Adding PropertySource 'systemProperties' with lowest search precedence
22:04:03.904 [main] DEBUG org.springframework.core.env.StandardEnvironment - Adding PropertySource 'systemEnvironment' with lowest search precedence
22:04:03.905 [main] DEBUG org.springframework.core.env.StandardEnvironment - Initialized StandardEnvironment with PropertySources [MapPropertySource@1353170030 {name='systemProperties', properties={java.runtime.name=Java(TM) SE Runtime Environment, sun.boot.library.path=C:\Program Files\Java\jdk1.8.0_91\jre\bin, java.vm.version=25.91-b14, java.vm.vendor=Oracle Corporation, java.vendor.url=http://java.oracle.com/, path.separator=;, java.vm.name=Java HotSpot(TM) 64-Bit Server VM, file.encoding.pkg=sun.io, user.country=CN, user.script=, sun.java.launcher=SUN_STANDARD, sun.os.patch.level=, java.vm.specification.name=Java Virtual Machine Specification, user.dir=D:\idea\code\nm-service-manage-course, java.runtime.version=1.8.0_91-b14, basedir=D:\idea\code\nm-service-manage-course, java.awt.graphicsenv=sun.awt.Win32GraphicsEnvironment, java.endorsed.dirs=C:\Program Files\Java\jdk1.8.0_91\jre\lib\endorsed, os.arch=amd64, surefire.real.class.path=C:\Users\层帝\AppData\Local\Temp\surefire4641994243508798259\surefirebooter1095265559648089558.jar, java.io.tmpdir=C:\Users\层帝\AppData\Local\Temp\, line.separator=
, java.vm.specification.vendor=Oracle Corporation, user.variant=, os.name=Windows 10, sun.jnu.encoding=GBK, java.library.path=C:\Program Files\Java\jdk1.8.0_91\jre\bin;C:\WINDOWS\Sun\Java\bin;C:\WINDOWS\system32;C:\WINDOWS;D:\层帝\电商\mongodb\workspace\bin;D:\app\product\11.2.0\dbhome_1\bin;D:\app\层帝\product\11.2.0\dbhome_1\bin;D;\层帝\博客云架构\maven\apache-maven-3.6.1\bin;C:\Pro;ramData\Oracle\Java\javapath;C:\Program Files (x86)\Intel\Intel(R) Management Engine Components\iCLS\;C:\Program Files\Intel\Intel(R) Management Engine Components\iCLS\;C:\Windows\system32;C:\Windows;C:\Windows\System32\Wbem;C:\Windows\System32\WindowsPowerShell\v1.0\;C:\Program Files (x86)\Intel\Intel(R) Management Engine Components\DAL;C:\Program Files\Intel\Intel(R) Management Engine Components\DAL;C:\Program Files (x86)\Intel\Intel(R) Management Engine Components\IPT;C:\Program Files\Intel\Intel(R) Management Engine Components\IPT;C:\Program Files (x86)\NVIDIA Corporation\PhysX\Common;C:\Program Files\Intel\WiFi\bin\;C:\Program Files\Common Files\Intel\WirelessCommon\;C:\WINDOWS\system32;C:\WINDOWS;C:\WINDOWS\System32\Wbem;C:\WINDOWS\System32\WindowsPowerShell\v1.0\;C:\WINDOWS\System32\OpenSSH\;C:\Program Files\MySQL\MySQL Server 5.5\bin;"C:\Program Files\Java\jdk1.8.0_91\bin;%JRE_HOME%\jre\bin";D:\Node\;D:\Git\MyGit\Git\cmd;C:\Program Files\Java\jdk1.8.0_91\bin;D:\Redis;";D:\RabbitMQ\erlang\erl9.3\bin;";%RABBITMQ_SERVER%\sbin;D:\Redis-could\Ruby\Ruby23\bin;., surefire.test.class.path=D:\idea\code\nm-service-manage-course\target\test-classes;D:\idea\code\nm-service-manage-course\target\classes;D:\idea\code\nm-service-api\target\nm-service-api.jar;D:\层帝\博客云架构\m2\repository\commons-fileupload\commons-fileupload\1.3.3\commons-fileupload-1.3.3.jar;D:\层帝\博客云架构\m2\repository\io\springfox\springfox-swagger2\2.7.0\springfox-swagger2-2.7.0.jar;D:\层帝\博客云架构\m2\repository\io\swagger\swagger-annotations\1.5.13\swagger-annotations-1.5.13.jar;D:\层帝\博客云架构\m2\repository\io\swagger\swagger-models\1.5.13\swagger-models-1.5.13.jar;D:\层帝\博客云架构\m2\repository\com\fasterxml\jackson\core\jackson-annotations\2.9.0\jackson-annotations-2.9.0.jar;D:\层帝\博客云架构\m2\repository\io\springfox\springfox-spi\2.7.0\springfox-spi-2.7.0.jar;D:\层帝\博客云架构\m2\repository\io\springfox\springfox-core\2.7.0\springfox-core-2.7.0.jar;D:\层帝\博客云架构\m2\repository\io\springfox\springfox-schema\2.7.0\springfox-schema-2.7.0.jar;D:\层帝\博客云架构\m2\repository\io\springfox\springfox-swagger-common\2.7.0\springfox-swagger-common-2.7.0.jar;D:\层帝\博客云架构\m2\repository\io\springfox\springfox-spring-web\2.7.0\springfox-spring-web-2.7.0.jar;D:\层帝\博客云架构\m2\repository\org\reflections\reflections\0.9.11\reflections-0.9.11.jar;D:\层帝\博客云架构\m2\repository\com\fasterxml\classmate\1.3.4\classmate-1.3.4.jar;D:\层帝\博客云架构\m2\repository\org\springframework\plugin\spring-plugin-core\1.2.0.RELEASE\spring-plugin-core-1.2.0.RELEASE.jar;D:\层帝\博客云架构\m2\repository\org\springframework\plugin\spring-plugin-metadata\1.2.0.RELEASE\spring-plugin-metadata-1.2.0.RELEASE.jar;D:\层帝\博客云架构\m2\repository\org\mapstruct\mapstruct\1.1.0.Final\mapstruct-1.1.0.Final.jar;D:\层帝\博客云架构\m2\repository\io\springfox\springfox-swagger-ui\2.7.0\springfox-swagger-ui-2.7.0.jar;D:\idea\code\nm-framework-model\target\nm-framework-model.jar;D:\层帝\博客云架构\m2\repository\org\projectlombok\lombok\1.16.16\lombok-1.16.16.jar;D:\层帝\博客云架构\m2\repository\org\springframework\data\spring-data-commons\2.0.6.RELEASE\spring-data-commons-2.0.6.RELEASE.jar;D:\层帝\博客云架构\m2\repository\org\springframework\data\spring-data-mongodb\2.0.6.RELEASE\spring-data-mongodb-2.0.6.RELEASE.jar;D:\层帝\博客云架构\m2\repository\org\springframework\spring-context\5.0.5.RELEASE\spring-context-5.0.5.RELEASE.jar;D:\层帝\博客云架构\m2\repository\org\springframework\spring-expression\5.0.5.RELEASE\spring-expression-5.0.5.RELEASE.jar;D:\层帝\博客云架构\m2\repository\org\mongodb\mongo-java-driver\3.6.3\mongo-java-driver-3.6.3.jar;D:\层帝\博客云架构\m2\repository\org\hibernate\hibernate-core\5.2.16.Final\hibernate-core-5.2.16.Final.jar;D:\层帝\博客云架构\m2\repository\org\jboss\logging\jboss-logging\3.3.2.Final\jboss-logging-3.3.2.Final.jar;D:\层帝\博客云架构\m2\repository\org\hibernate\javax\persistence\hibernate-jpa-2.1-api\1.0.0.Final\hibernate-jpa-2.1-api-1.0.0.Final.jar;D:\层帝\博客云架构\m2\repository\org\javassist\javassist\3.22.0-GA\javassist-3.22.0-GA.jar;D:\层帝\博客云架构\m2\repository\antlr\antlr\2.7.7\antlr-2.7.7.jar;D:\层帝\博客云架构\m2\repository\org\jboss\spec\javax\transaction\jboss-transaction-api_1.2_spec\1.0.1.Final\jboss-transaction-api_1.2_spec-1.0.1.Final.jar;D:\层帝\博客云架构\m2\repository\org\jboss\jandex\2.0.3.Final\jandex-2.0.3.Final.jar;D:\层帝\博客云架构\m2\repository\dom4j\dom4j\1.6.1\dom4j-1.6.1.jar;D:\层帝\博客云架构\m2\repository\org\hibernate\common\hibernate-commons-annotations\5.0.1.Final\hibernate-commons-annotations-5.0.1.Final.jar;D:\层帝\博客云架构\m2\repository\com\google\guava\guava\24.0-jre\guava-24.0-jre.jar;D:\层帝\博客云架构\m2\repository\com\google\code\findbugs\jsr305\1.3.9\jsr305-1.3.9.jar;D:\层帝\博客云架构\m2\repository\org\checkerframework\checker-compat-qual\2.0.0\checker-compat-qual-2.0.0.jar;D:\层帝\博客云架构\m2\repository\com\google\errorprone\error_prone_annotations\2.1.3\error_prone_annotations-2.1.3.jar;D:\层帝\博客云架构\m2\repository\com\google\j2objc\j2objc-annotations\1.1\j2objc-annotations-1.1.jar;D:\层帝\博客云架构\m2\repository\org\codehaus\mojo\animal-sniffer-annotations\1.14\animal-sniffer-annotations-1.14.jar;D:\idea\code\nm-framework-utils\target\nm-framework-utils.jar;D:\层帝\博客云架构\m2\repository\javax\servlet\javax.servlet-api\3.1.0\javax.servlet-api-3.1.0.jar;D:\层帝\博客云架构\m2\repository\org\springframework\boot\spring-boot-starter-logging\2.0.1.RELEASE\spring-boot-starter-logging-2.0.1.RELEASE.jar;D:\层帝\博客云架构\m2\repository\ch\qos\logback\logback-classic\1.2.3\logback-classic-1.2.3.jar;D:\层帝\博客云架构\m2\repository\ch\qos\logback\logback-core\1.2.3\logback-core-1.2.3.jar;D:\层帝\博客云架构\m2\repository\org\apache\logging\log4j\log4j-to-slf4j\2.10.0\log4j-to-slf4j-2.10.0.jar;D:\层帝\博客云架构\m2\repository\org\apache\logging\log4j\log4j-api\2.10.0\log4j-api-2.10.0.jar;D:\层帝\博客云架构\m2\repository\org\slf4j\jul-to-slf4j\1.7.25\jul-to-slf4j-1.7.25.jar;D:\层帝\博客云架构\m2\repository\org\apache\httpcomponents\httpclient\4.5.5\httpclient-4.5.5.jar;D:\层帝\博客云架构\m2\repository\org\apache\httpcomponents\httpcore\4.4.9\httpcore-4.4.9.jar;D:\层帝\博客云架构\m2\repository\commons-codec\commons-codec\1.10\commons-codec-1.10.jar;D:\层帝\博客云架构\m2\repository\net\lingala\zip4j\zip4j\1.3.1\zip4j-1.3.1.jar;D:\层帝\博客云架构\m2\repository\org\springframework\security\spring-security-crypto\5.0.4.RELEASE\spring-security-crypto-5.0.4.RELEASE.jar;D:\层帝\博客云架构\m2\repository\org\springframework\security\spring-security-jwt\1.0.8.RELEASE\spring-security-jwt-1.0.8.RELEASE.jar;D:\层帝\博客云架构\m2\repository\org\bouncycastle\bcpkix-jdk15on\1.56\bcpkix-jdk15on-1.56.jar;D:\层帝\博客云架构\m2\repository\org\bouncycastle\bcprov-jdk15on\1.56\bcprov-jdk15on-1.56.jar;D:\idea\code\nm-framework-common\target\nm-framework-common.jar;D:\层帝\博客云架构\m2\repository\org\springframework\spring-web\5.0.5.RELEASE\spring-web-5.0.5.RELEASE.jar;D:\层帝\博客云架构\m2\repository\org\springframework\cloud\spring-cloud-starter-openfeign\2.0.1.RELEASE\spring-cloud-starter-openfeign-2.0.1.RELEASE.jar;D:\层帝\博客云架构\m2\repository\org\springframework\cloud\spring-cloud-starter\2.0.1.RELEASE\spring-cloud-starter-2.0.1.RELEASE.jar;D:\层帝\博客云架构\m2\repository\org\springframework\cloud\spring-cloud-context\2.0.1.RELEASE\spring-cloud-context-2.0.1.RELEASE.jar;D:\层帝\博客云架构\m2\repository\org\springframework\security\spring-security-rsa\1.0.5.RELEASE\spring-security-rsa-1.0.5.RELEASE.jar;D:\层帝\博客云架构\m2\repository\org\springframework\cloud\spring-cloud-openfeign-core\2.0.1.RELEASE\spring-cloud-openfeign-core-2.0.1.RELEASE.jar;D:\层帝\博客云架构\m2\repository\org\springframework\cloud\spring-cloud-netflix-ribbon\2.0.1.RELEASE\spring-cloud-netflix-ribbon-2.0.1.RELEASE.jar;D:\层帝\博客云架构\m2\repository\org\springframework\cloud\spring-cloud-netflix-archaius\2.0.1.RELEASE\spring-cloud-netflix-archaius-2.0.1.RELEASE.jar;D:\层帝\博客云架构\m2\repository\org\springframework\cloud\spring-cloud-commons\2.0.1.RELEASE\spring-cloud-commons-2.0.1.RELEASE.jar;D:\层帝\博客云架构\m2\repository\io\github\openfeign\feign-core\9.5.1\feign-core-9.5.1.jar;D:\层帝\博客云架构\m2\repository\io\github\openfeign\feign-slf4j\9.5.1\feign-slf4j-9.5.1.jar;D:\层帝\博客云架构\m2\repository\io\github\openfeign\feign-hystrix\9.5.1\feign-hystrix-9.5.1.jar;D:\层帝\博客云架构\m2\repository\com\netflix\archaius\archaius-core\0.7.6\archaius-core-0.7.6.jar;D:\层帝\博客云架构\m2\repository\commons-configuration\commons-configuration\1.8\commons-configuration-1.8.jar;D:\层帝\博客云架构\m2\repository\commons-lang\commons-lang\2.6\commons-lang-2.6.jar;D:\层帝\博客云架构\m2\repository\com\netflix\hystrix\hystrix-core\1.5.12\hystrix-core-1.5.12.jar;D:\层帝\博客云架构\m2\repository\io\reactivex\rxjava\1.3.8\rxjava-1.3.8.jar;D:\层帝\博客云架构\m2\repository\org\hdrhistogram\HdrHistogram\2.1.9\HdrHistogram-2.1.9.jar;D:\层帝\博客云架构\m2\repository\io\github\openfeign\feign-java8\9.5.1\feign-java8-9.5.1.jar;D:\层帝\博客云架构\m2\repository\org\springframework\boot\spring-boot-starter-web\2.0.1.RELEASE\spring-boot-starter-web-2.0.1.RELEASE.jar;D:\层帝\博客云架构\m2\repository\org\springframework\boot\spring-boot-starter\2.0.1.RELEASE\spring-boot-starter-2.0.1.RELEASE.jar;D:\层帝\博客云架构\m2\repository\org\springframework\boot\spring-boot\2.0.1.RELEASE\spring-boot-2.0.1.RELEASE.jar;D:\层帝\博客云架构\m2\repository\javax\annotation\javax.annotation-api\1.3.2\javax.annotation-api-1.3.2.jar;D:\层帝\博客云架构\m2\repository\org\yaml\snakeyaml\1.19\snakeyaml-1.19.jar;D:\层帝\博客云架构\m2\repository\org\springframework\boot\spring-boot-starter-json\2.0.1.RELEASE\spring-boot-starter-json-2.0.1.RELEASE.jar;D:\层帝\博客云架构\m2\repository\com\fasterxml\jackson\core\jackson-databind\2.9.5\jackson-databind-2.9.5.jar;D:\层帝\博客云架构\m2\repository\com\fasterxml\jackson\core\jackson-core\2.9.5\jackson-core-2.9.5.jar;D:\层帝\博客云架构\m2\repository\com\fasterxml\jackson\datatype\jackson-datatype-jdk8\2.9.5\jackson-datatype-jdk8-2.9.5.jar;D:\层帝\博客云架构\m2\repository\com\fasterxml\jackson\datatype\jackson-datatype-jsr310\2.9.5\jackson-datatype-jsr310-2.9.5.jar;D:\层帝\博客云架构\m2\repository\com\fasterxml\jackson\module\jackson-module-parameter-names\2.9.5\jackson-module-parameter-names-2.9.5.jar;D:\层帝\博客云架构\m2\repository\org\springframework\boot\spring-boot-starter-tomcat\2.0.1.RELEASE\spring-boot-starter-tomcat-2.0.1.RELEASE.jar;D:\层帝\博客云架构\m2\repository\org\apache\tomcat\embed\tomcat-embed-core\8.5.28\tomcat-embed-core-8.5.28.jar;D:\层帝\博客云架构\m2\repository\org\apache\tomcat\embed\tomcat-embed-el\8.5.28\tomcat-embed-el-8.5.28.jar;D:\层帝\博客云架构\m2\repository\org\apache\tomcat\embed\tomcat-embed-websocket\8.5.28\tomcat-embed-websocket-8.5.28.jar;D:\层帝\博客云架构\m2\repository\org\hibernate\validator\hibernate-validator\6.0.9.Final\hibernate-validator-6.0.9.Final.jar;D:\层帝\博客云架构\m2\repository\javax\validation\validation-api\2.0.1.Final\validation-api-2.0.1.Final.jar;D:\层帝\博客云架构\m2\repository\org\springframework\spring-webmvc\5.0.5.RELEASE\spring-webmvc-5.0.5.RELEASE.jar;D:\层帝\博客云架构\m2\repository\org\springframework\spring-aop\5.0.5.RELEASE\spring-aop-5.0.5.RELEASE.jar;D:\层帝\博客云架构\m2\repository\mysql\mysql-connector-java\5.1.40\mysql-connector-java-5.1.40.jar;D:\层帝\博客云架构\m2\repository\com\alibaba\druid-spring-boot-starter\1.1.10\druid-spring-boot-starter-1.1.10.jar;D:\层帝\博客云架构\m2\repository\com\alibaba\druid\1.1.6\druid-1.1.6.jar;D:\层帝\博客云架构\m2\repository\org\slf4j\slf4j-api\1.7.25\slf4j-api-1.7.25.jar;D:\层帝\博客云架构\m2\repository\org\springframework\boot\spring-boot-autoconfigure\2.0.1.RELEASE\spring-boot-autoconfigure-2.0.1.RELEASE.jar;D:\层帝\博客云架构\m2\repository\org\mybatis\spring\boot\mybatis-spring-boot-starter\1.3.1\mybatis-spring-boot-starter-1.3.1.jar;D:\层帝\博客云架构\m2\repository\org\springframework\boot\spring-boot-starter-jdbc\2.0.1.RELEASE\spring-boot-starter-jdbc-2.0.1.RELEASE.jar;D:\层帝\博客云架构\m2\repository\com\zaxxer\HikariCP\2.7.8\HikariCP-2.7.8.jar;D:\层帝\博客云架构\m2\repository\org\mybatis\spring\boot\mybatis-spring-boot-autoconfigure\1.3.1\mybatis-spring-boot-autoconfigure-1.3.1.jar;D:\层帝\博客云架构\m2\repository\org\mybatis\mybatis\3.4.5\mybatis-3.4.5.jar;D:\层帝\博客云架构\m2\repository\org\mybatis\mybatis-spring\1.3.1\mybatis-spring-1.3.1.jar;D:\层帝\博客云架构\m2\repository\org\springframework\spring-orm\5.0.5.RELEASE\spring-orm-5.0.5.RELEASE.jar;D:\层帝\博客云架构\m2\repository\org\springframework\spring-beans\5.0.5.RELEASE\spring-beans-5.0.5.RELEASE.jar;D:\层帝\博客云架构\m2\repository\org\springframework\spring-core\5.0.5.RELEASE\spring-core-5.0.5.RELEASE.jar;D:\层帝\博客云架构\m2\repository\org\springframework\spring-jcl\5.0.5.RELEASE\spring-jcl-5.0.5.RELEASE.jar;D:\层帝\博客云架构\m2\repository\org\springframework\spring-jdbc\5.0.5.RELEASE\spring-jdbc-5.0.5.RELEASE.jar;D:\层帝\博客云架构\m2\repository\org\springframework\spring-tx\5.0.5.RELEASE\spring-tx-5.0.5.RELEASE.jar;D:\层帝\博客云架构\m2\repository\org\springframework\boot\spring-boot-starter-data-jpa\2.0.1.RELEASE\spring-boot-starter-data-jpa-2.0.1.RELEASE.jar;D:\层帝\博客云架构\m2\repository\org\springframework\boot\spring-boot-starter-aop\2.0.1.RELEASE\spring-boot-starter-aop-2.0.1.RELEASE.jar;D:\层帝\博客云架构\m2\repository\org\aspectj\aspectjweaver\1.8.13\aspectjweaver-1.8.13.jar;D:\层帝\博客云架构\m2\repository\javax\transaction\javax.transaction-api\1.2\javax.transaction-api-1.2.jar;D:\层帝\博客云架构\m2\repository\org\springframework\data\spring-data-jpa\2.0.6.RELEASE\spring-data-jpa-2.0.6.RELEASE.jar;D:\层帝\博客云架构\m2\repository\org\springframework\spring-aspects\5.0.5.RELEASE\spring-aspects-5.0.5.RELEASE.jar;D:\层帝\博客云架构\m2\repository\com\squareup\okhttp3\okhttp\3.9.1\okhttp-3.9.1.jar;D:\层帝\博客云架构\m2\repository\com\squareup\okio\okio\1.13.0\okio-1.13.0.jar;D:\层帝\博客云架构\m2\repository\com\alibaba\fastjson\1.2.30\fastjson-1.2.30.jar;D:\层帝\博客云架构\m2\repository\commons-io\commons-io\2.6\commons-io-2.6.jar;D:\层帝\博客云架构\m2\repository\org\apache\commons\commons-lang3\3.6\commons-lang3-3.6.jar;D:\层帝\博客云架构\m2\repository\org\springframework\boot\spring-boot-starter-test\2.0.1.RELEASE\spring-boot-starter-test-2.0.1.RELEASE.jar;D:\层帝\博客云架构\m2\repository\org\springframework\boot\spring-boot-test\2.0.1.RELEASE\spring-boot-test-2.0.1.RELEASE.jar;D:\层帝\博客云架构\m2\repository\org\springframework\boot\spring-boot-test-autoconfigure\2.0.1.RELEASE\spring-boot-test-autoconfigure-2.0.1.RELEASE.jar;D:\层帝\博客云架构\m2\repository\com\jayway\jsonpath\json-path\2.4.0\json-path-2.4.0.jar;D:\层帝\博客云架构\m2\repository\net\minidev\json-smart\2.3\json-smart-2.3.jar;D:\层帝\博客云架构\m2\repository\net\minidev\accessors-smart\1.2\accessors-smart-1.2.jar;D:\层帝\博客云架构\m2\repository\org\ow2\asm\asm\5.0.4\asm-5.0.4.jar;D:\层帝\博客云架构\m2\repository\junit\junit\4.12\junit-4.12.jar;D:\层帝\博客云架构\m2\repository\org\assertj\assertj-core\3.9.1\assertj-core-3.9.1.jar;D:\层帝\博客云架构\m2\repository\org\mockito\mockito-core\2.15.0\mockito-core-2.15.0.jar;D:\层帝\博客云架构\m2\repository\net\bytebuddy\byte-buddy\1.7.11\byte-buddy-1.7.11.jar;D:\层帝\博客云架构\m2\repository\net\bytebuddy\byte-buddy-agent\1.7.11\byte-buddy-agent-1.7.11.jar;D:\层帝\博客云架构\m2\repository\org\objenesis\objenesis\2.6\objenesis-2.6.jar;D:\层帝\博客云架构\m2\repository\org\hamcrest\hamcrest-core\1.3\hamcrest-core-1.3.jar;D:\层帝\博客云架构\m2\repository\org\hamcrest\hamcrest-library\1.3\hamcrest-library-1.3.jar;D:\层帝\博客云架构\m2\repository\org\skyscreamer\jsonassert\1.5.0\jsonassert-1.5.0.jar;D:\层帝\博客云架构\m2\repository\com\vaadin\external\google\android-json\0.0.20131108.vaadin1\android-json-0.0.20131108.vaadin1.jar;D:\层帝\博客云架构\m2\repository\org\springframework\spring-test\5.0.5.RELEASE\spring-test-5.0.5.RELEASE.jar;D:\层帝\博客云架构\m2\repository\org\xmlunit\xmlunit-core\2.5.1\xmlunit-core-2.5.1.jar;D:\层帝\博客云架构\m2\repository\com\github\pagehelper\pagehelper-spring-boot-starter\1.2.4\pagehelper-spring-boot-starter-1.2.4.jar;D:\层帝\博客云架构\m2\repository\com\github\pagehelper\pagehelper-spring-boot-autoconfigure\1.2.4\pagehelper-spring-boot-autoconfigure-1.2.4.jar;D:\层帝\博客云架构\m2\repository\com\github\pagehelper\pagehelper\5.1.3\pagehelper-5.1.3.jar;D:\层帝\博客云架构\m2\repository\com\github\jsqlparser\jsqlparser\1.0\jsqlparser-1.0.jar;, java.specification.name=Java Platform API Specification, java.class.version=52.0, sun.management.compiler=HotSpot 64-Bit Tiered Compilers, os.version=10.0, idea.version2019.3.2=true, user.home=C:\Users\层帝, user.timezone=Asia/Shanghai, java.awt.printerjob=sun.awt.windows.WPrinterJob, file.encoding=GBK, java.specification.version=1.8, java.class.path=D:\idea\code\nm-service-manage-course\target\test-classes;D:\idea\code\nm-service-manage-course\target\classes;D:\idea\code\nm-service-api\target\nm-service-api.jar;D:\层帝\博客云架构\m2\repository\commons-fileupload\commons-fileupload\1.3.3\commons-fileupload-1.3.3.jar;D:\层帝\博客云架构\m2\repository\io\springfox\springfox-swagger2\2.7.0\springfox-swagger2-2.7.0.jar;D:\层帝\博客云架构\m2\repository\io\swagger\swagger-annotations\1.5.13\swagger-annotations-1.5.13.jar;D:\层帝\博客云架构\m2\repository\io\swagger\swagger-models\1.5.13\swagger-models-1.5.13.jar;D:\层帝\博客云架构\m2\repository\com\fasterxml\jackson\core\jackson-annotations\2.9.0\jackson-annotations-2.9.0.jar;D:\层帝\博客云架构\m2\repository\io\springfox\springfox-spi\2.7.0\springfox-spi-2.7.0.jar;D:\层帝\博客云架构\m2\repository\io\springfox\springfox-core\2.7.0\springfox-core-2.7.0.jar;D:\层帝\博客云架构\m2\repository\io\springfox\springfox-schema\2.7.0\springfox-schema-2.7.0.jar;D:\层帝\博客云架构\m2\repository\io\springfox\springfox-swagger-common\2.7.0\springfox-swagger-common-2.7.0.jar;D:\层帝\博客云架构\m2\repository\io\springfox\springfox-spring-web\2.7.0\springfox-spring-web-2.7.0.jar;D:\层帝\博客云架构\m2\repository\org\reflections\reflections\0.9.11\reflections-0.9.11.jar;D:\层帝\博客云架构\m2\repository\com\fasterxml\classmate\1.3.4\classmate-1.3.4.jar;D:\层帝\博客云架构\m2\repository\org\springframework\plugin\spring-plugin-core\1.2.0.RELEASE\spring-plugin-core-1.2.0.RELEASE.jar;D:\层帝\博客云架构\m2\repository\org\springframework\plugin\spring-plugin-metadata\1.2.0.RELEASE\spring-plugin-metadata-1.2.0.RELEASE.jar;D:\层帝\博客云架构\m2\repository\org\mapstruct\mapstruct\1.1.0.Final\mapstruct-1.1.0.Final.jar;D:\层帝\博客云架构\m2\repository\io\springfox\springfox-swagger-ui\2.7.0\springfox-swagger-ui-2.7.0.jar;D:\idea\code\nm-framework-model\target\nm-framework-model.jar;D:\层帝\博客云架构\m2\repository\org\projectlombok\lombok\1.16.16\lombok-1.16.16.jar;D:\层帝\博客云架构\m2\repository\org\springframework\data\spring-data-commons\2.0.6.RELEASE\spring-data-commons-2.0.6.RELEASE.jar;D:\层帝\博客云架构\m2\repository\org\springframework\data\spring-data-mongodb\2.0.6.RELEASE\spring-data-mongodb-2.0.6.RELEASE.jar;D:\层帝\博客云架构\m2\repository\org\springframework\spring-context\5.0.5.RELEASE\spring-context-5.0.5.RELEASE.jar;D:\层帝\博客云架构\m2\repository\org\springframework\spring-expression\5.0.5.RELEASE\spring-expression-5.0.5.RELEASE.jar;D:\层帝\博客云架构\m2\repository\org\mongodb\mongo-java-driver\3.6.3\mongo-java-driver-3.6.3.jar;D:\层帝\博客云架构\m2\repository\org\hibernate\hibernate-core\5.2.16.Final\hibernate-core-5.2.16.Final.jar;D:\层帝\博客云架构\m2\repository\org\jboss\logging\jboss-logging\3.3.2.Final\jboss-logging-3.3.2.Final.jar;D:\层帝\博客云架构\m2\repository\org\hibernate\javax\persistence\hibernate-jpa-2.1-api\1.0.0.Final\hibernate-jpa-2.1-api-1.0.0.Final.jar;D:\层帝\博客云架构\m2\repository\org\javassist\javassist\3.22.0-GA\javassist-3.22.0-GA.jar;D:\层帝\博客云架构\m2\repository\antlr\antlr\2.7.7\antlr-2.7.7.jar;D:\层帝\博客云架构\m2\repository\org\jboss\spec\javax\transaction\jboss-transaction-api_1.2_spec\1.0.1.Final\jboss-transaction-api_1.2_spec-1.0.1.Final.jar;D:\层帝\博客云架构\m2\repository\org\jboss\jandex\2.0.3.Final\jandex-2.0.3.Final.jar;D:\层帝\博客云架构\m2\repository\dom4j\dom4j\1.6.1\dom4j-1.6.1.jar;D:\层帝\博客云架构\m2\repository\org\hibernate\common\hibernate-commons-annotations\5.0.1.Final\hibernate-commons-annotations-5.0.1.Final.jar;D:\层帝\博客云架构\m2\repository\com\google\guava\guava\24.0-jre\guava-24.0-jre.jar;D:\层帝\博客云架构\m2\repository\com\google\code\findbugs\jsr305\1.3.9\jsr305-1.3.9.jar;D:\层帝\博客云架构\m2\repository\org\checkerframework\checker-compat-qual\2.0.0\checker-compat-qual-2.0.0.jar;D:\层帝\博客云架构\m2\repository\com\google\errorprone\error_prone_annotations\2.1.3\error_prone_annotations-2.1.3.jar;D:\层帝\博客云架构\m2\repository\com\google\j2objc\j2objc-annotations\1.1\j2objc-annotations-1.1.jar;D:\层帝\博客云架构\m2\repository\org\codehaus\mojo\animal-sniffer-annotations\1.14\animal-sniffer-annotations-1.14.jar;D:\idea\code\nm-framework-utils\target\nm-framework-utils.jar;D:\层帝\博客云架构\m2\repository\javax\servlet\javax.servlet-api\3.1.0\javax.servlet-api-3.1.0.jar;D:\层帝\博客云架构\m2\repository\org\springframework\boot\spring-boot-starter-logging\2.0.1.RELEASE\spring-boot-starter-logging-2.0.1.RELEASE.jar;D:\层帝\博客云架构\m2\repository\ch\qos\logback\logback-classic\1.2.3\logback-classic-1.2.3.jar;D:\层帝\博客云架构\m2\repository\ch\qos\logback\logback-core\1.2.3\logback-core-1.2.3.jar;D:\层帝\博客云架构\m2\repository\org\apache\logging\log4j\log4j-to-slf4j\2.10.0\log4j-to-slf4j-2.10.0.jar;D:\层帝\博客云架构\m2\repository\org\apache\logging\log4j\log4j-api\2.10.0\log4j-api-2.10.0.jar;D:\层帝\博客云架构\m2\repository\org\slf4j\jul-to-slf4j\1.7.25\jul-to-slf4j-1.7.25.jar;D:\层帝\博客云架构\m2\repository\org\apache\httpcomponents\httpclient\4.5.5\httpclient-4.5.5.jar;D:\层帝\博客云架构\m2\repository\org\apache\httpcomponents\httpcore\4.4.9\httpcore-4.4.9.jar;D:\层帝\博客云架构\m2\repository\commons-codec\commons-codec\1.10\commons-codec-1.10.jar;D:\层帝\博客云架构\m2\repository\net\lingala\zip4j\zip4j\1.3.1\zip4j-1.3.1.jar;D:\层帝\博客云架构\m2\repository\org\springframework\security\spring-security-crypto\5.0.4.RELEASE\spring-security-crypto-5.0.4.RELEASE.jar;D:\层帝\博客云架构\m2\repository\org\springframework\security\spring-security-jwt\1.0.8.RELEASE\spring-security-jwt-1.0.8.RELEASE.jar;D:\层帝\博客云架构\m2\repository\org\bouncycastle\bcpkix-jdk15on\1.56\bcpkix-jdk15on-1.56.jar;D:\层帝\博客云架构\m2\repository\org\bouncycastle\bcprov-jdk15on\1.56\bcprov-jdk15on-1.56.jar;D:\idea\code\nm-framework-common\target\nm-framework-common.jar;D:\层帝\博客云架构\m2\repository\org\springframework\spring-web\5.0.5.RELEASE\spring-web-5.0.5.RELEASE.jar;D:\层帝\博客云架构\m2\repository\org\springframework\cloud\spring-cloud-starter-openfeign\2.0.1.RELEASE\spring-cloud-starter-openfeign-2.0.1.RELEASE.jar;D:\层帝\博客云架构\m2\repository\org\springframework\cloud\spring-cloud-starter\2.0.1.RELEASE\spring-cloud-starter-2.0.1.RELEASE.jar;D:\层帝\博客云架构\m2\repository\org\springframework\cloud\spring-cloud-context\2.0.1.RELEASE\spring-cloud-context-2.0.1.RELEASE.jar;D:\层帝\博客云架构\m2\repository\org\springframework\security\spring-security-rsa\1.0.5.RELEASE\spring-security-rsa-1.0.5.RELEASE.jar;D:\层帝\博客云架构\m2\repository\org\springframework\cloud\spring-cloud-openfeign-core\2.0.1.RELEASE\spring-cloud-openfeign-core-2.0.1.RELEASE.jar;D:\层帝\博客云架构\m2\repository\org\springframework\cloud\spring-cloud-netflix-ribbon\2.0.1.RELEASE\spring-cloud-netflix-ribbon-2.0.1.RELEASE.jar;D:\层帝\博客云架构\m2\repository\org\springframework\cloud\spring-cloud-netflix-archaius\2.0.1.RELEASE\spring-cloud-netflix-archaius-2.0.1.RELEASE.jar;D:\层帝\博客云架构\m2\repository\org\springframework\cloud\spring-cloud-commons\2.0.1.RELEASE\spring-cloud-commons-2.0.1.RELEASE.jar;D:\层帝\博客云架构\m2\repository\io\github\openfeign\feign-core\9.5.1\feign-core-9.5.1.jar;D:\层帝\博客云架构\m2\repository\io\github\openfeign\feign-slf4j\9.5.1\feign-slf4j-9.5.1.jar;D:\层帝\博客云架构\m2\repository\io\github\openfeign\feign-hystrix\9.5.1\feign-hystrix-9.5.1.jar;D:\层帝\博客云架构\m2\repository\com\netflix\archaius\archaius-core\0.7.6\archaius-core-0.7.6.jar;D:\层帝\博客云架构\m2\repository\commons-configuration\commons-configuration\1.8\commons-configuration-1.8.jar;D:\层帝\博客云架构\m2\repository\commons-lang\commons-lang\2.6\commons-lang-2.6.jar;D:\层帝\博客云架构\m2\repository\com\netflix\hystrix\hystrix-core\1.5.12\hystrix-core-1.5.12.jar;D:\层帝\博客云架构\m2\repository\io\reactivex\rxjava\1.3.8\rxjava-1.3.8.jar;D:\层帝\博客云架构\m2\repository\org\hdrhistogram\HdrHistogram\2.1.9\HdrHistogram-2.1.9.jar;D:\层帝\博客云架构\m2\repository\io\github\openfeign\feign-java8\9.5.1\feign-java8-9.5.1.jar;D:\层帝\博客云架构\m2\repository\org\springframework\boot\spring-boot-starter-web\2.0.1.RELEASE\spring-boot-starter-web-2.0.1.RELEASE.jar;D:\层帝\博客云架构\m2\repository\org\springframework\boot\spring-boot-starter\2.0.1.RELEASE\spring-boot-starter-2.0.1.RELEASE.jar;D:\层帝\博客云架构\m2\repository\org\springframework\boot\spring-boot\2.0.1.RELEASE\spring-boot-2.0.1.RELEASE.jar;D:\层帝\博客云架构\m2\repository\javax\annotation\javax.annotation-api\1.3.2\javax.annotation-api-1.3.2.jar;D:\层帝\博客云架构\m2\repository\org\yaml\snakeyaml\1.19\snakeyaml-1.19.jar;D:\层帝\博客云架构\m2\repository\org\springframework\boot\spring-boot-starter-json\2.0.1.RELEASE\spring-boot-starter-json-2.0.1.RELEASE.jar;D:\层帝\博客云架构\m2\repository\com\fasterxml\jackson\core\jackson-databind\2.9.5\jackson-databind-2.9.5.jar;D:\层帝\博客云架构\m2\repository\com\fasterxml\jackson\core\jackson-core\2.9.5\jackson-core-2.9.5.jar;D:\层帝\博客云架构\m2\repository\com\fasterxml\jackson\datatype\jackson-datatype-jdk8\2.9.5\jackson-datatype-jdk8-2.9.5.jar;D:\层帝\博客云架构\m2\repository\com\fasterxml\jackson\datatype\jackson-datatype-jsr310\2.9.5\jackson-datatype-jsr310-2.9.5.jar;D:\层帝\博客云架构\m2\repository\com\fasterxml\jackson\module\jackson-module-parameter-names\2.9.5\jackson-module-parameter-names-2.9.5.jar;D:\层帝\博客云架构\m2\repository\org\springframework\boot\spring-boot-starter-tomcat\2.0.1.RELEASE\spring-boot-starter-tomcat-2.0.1.RELEASE.jar;D:\层帝\博客云架构\m2\repository\org\apache\tomcat\embed\tomcat-embed-core\8.5.28\tomcat-embed-core-8.5.28.jar;D:\层帝\博客云架构\m2\repository\org\apache\tomcat\embed\tomcat-embed-el\8.5.28\tomcat-embed-el-8.5.28.jar;D:\层帝\博客云架构\m2\repository\org\apache\tomcat\embed\tomcat-embed-websocket\8.5.28\tomcat-embed-websocket-8.5.28.jar;D:\层帝\博客云架构\m2\repository\org\hibernate\validator\hibernate-validator\6.0.9.Final\hibernate-validator-6.0.9.Final.jar;D:\层帝\博客云架构\m2\repository\javax\validation\validation-api\2.0.1.Final\validation-api-2.0.1.Final.jar;D:\层帝\博客云架构\m2\repository\org\springframework\spring-webmvc\5.0.5.RELEASE\spring-webmvc-5.0.5.RELEASE.jar;D:\层帝\博客云架构\m2\repository\org\springframework\spring-aop\5.0.5.RELEASE\spring-aop-5.0.5.RELEASE.jar;D:\层帝\博客云架构\m2\repository\mysql\mysql-connector-java\5.1.40\mysql-connector-java-5.1.40.jar;D:\层帝\博客云架构\m2\repository\com\alibaba\druid-spring-boot-starter\1.1.10\druid-spring-boot-starter-1.1.10.jar;D:\层帝\博客云架构\m2\repository\com\alibaba\druid\1.1.6\druid-1.1.6.jar;D:\层帝\博客云架构\m2\repository\org\slf4j\slf4j-api\1.7.25\slf4j-api-1.7.25.jar;D:\层帝\博客云架构\m2\repository\org\springframework\boot\spring-boot-autoconfigure\2.0.1.RELEASE\spring-boot-autoconfigure-2.0.1.RELEASE.jar;D:\层帝\博客云架构\m2\repository\org\mybatis\spring\boot\mybatis-spring-boot-starter\1.3.1\mybatis-spring-boot-starter-1.3.1.jar;D:\层帝\博客云架构\m2\repository\org\springframework\boot\spring-boot-starter-jdbc\2.0.1.RELEASE\spring-boot-starter-jdbc-2.0.1.RELEASE.jar;D:\层帝\博客云架构\m2\repository\com\zaxxer\HikariCP\2.7.8\HikariCP-2.7.8.jar;D:\层帝\博客云架构\m2\repository\org\mybatis\spring\boot\mybatis-spring-boot-autoconfigure\1.3.1\mybatis-spring-boot-autoconfigure-1.3.1.jar;D:\层帝\博客云架构\m2\repository\org\mybatis\mybatis\3.4.5\mybatis-3.4.5.jar;D:\层帝\博客云架构\m2\repository\org\mybatis\mybatis-spring\1.3.1\mybatis-spring-1.3.1.jar;D:\层帝\博客云架构\m2\repository\org\springframework\spring-orm\5.0.5.RELEASE\spring-orm-5.0.5.RELEASE.jar;D:\层帝\博客云架构\m2\repository\org\springframework\spring-beans\5.0.5.RELEASE\spring-beans-5.0.5.RELEASE.jar;D:\层帝\博客云架构\m2\repository\org\springframework\spring-core\5.0.5.RELEASE\spring-core-5.0.5.RELEASE.jar;D:\层帝\博客云架构\m2\repository\org\springframework\spring-jcl\5.0.5.RELEASE\spring-jcl-5.0.5.RELEASE.jar;D:\层帝\博客云架构\m2\repository\org\springframework\spring-jdbc\5.0.5.RELEASE\spring-jdbc-5.0.5.RELEASE.jar;D:\层帝\博客云架构\m2\repository\org\springframework\spring-tx\5.0.5.RELEASE\spring-tx-5.0.5.RELEASE.jar;D:\层帝\博客云架构\m2\repository\org\springframework\boot\spring-boot-starter-data-jpa\2.0.1.RELEASE\spring-boot-starter-data-jpa-2.0.1.RELEASE.jar;D:\层帝\博客云架构\m2\repository\org\springframework\boot\spring-boot-starter-aop\2.0.1.RELEASE\spring-boot-starter-aop-2.0.1.RELEASE.jar;D:\层帝\博客云架构\m2\repository\org\aspectj\aspectjweaver\1.8.13\aspectjweaver-1.8.13.jar;D:\层帝\博客云架构\m2\repository\javax\transaction\javax.transaction-api\1.2\javax.transaction-api-1.2.jar;D:\层帝\博客云架构\m2\repository\org\springframework\data\spring-data-jpa\2.0.6.RELEASE\spring-data-jpa-2.0.6.RELEASE.jar;D:\层帝\博客云架构\m2\repository\org\springframework\spring-aspects\5.0.5.RELEASE\spring-aspects-5.0.5.RELEASE.jar;D:\层帝\博客云架构\m2\repository\com\squareup\okhttp3\okhttp\3.9.1\okhttp-3.9.1.jar;D:\层帝\博客云架构\m2\repository\com\squareup\okio\okio\1.13.0\okio-1.13.0.jar;D:\层帝\博客云架构\m2\repository\com\alibaba\fastjson\1.2.30\fastjson-1.2.30.jar;D:\层帝\博客云架构\m2\repository\commons-io\commons-io\2.6\commons-io-2.6.jar;D:\层帝\博客云架构\m2\repository\org\apache\commons\commons-lang3\3.6\commons-lang3-3.6.jar;D:\层帝\博客云架构\m2\repository\org\springframework\boot\spring-boot-starter-test\2.0.1.RELEASE\spring-boot-starter-test-2.0.1.RELEASE.jar;D:\层帝\博客云架构\m2\repository\org\springframework\boot\spring-boot-test\2.0.1.RELEASE\spring-boot-test-2.0.1.RELEASE.jar;D:\层帝\博客云架构\m2\repository\org\springframework\boot\spring-boot-test-autoconfigure\2.0.1.RELEASE\spring-boot-test-autoconfigure-2.0.1.RELEASE.jar;D:\层帝\博客云架构\m2\repository\com\jayway\jsonpath\json-path\2.4.0\json-path-2.4.0.jar;D:\层帝\博客云架构\m2\repository\net\minidev\json-smart\2.3\json-smart-2.3.jar;D:\层帝\博客云架构\m2\repository\net\minidev\accessors-smart\1.2\accessors-smart-1.2.jar;D:\层帝\博客云架构\m2\repository\org\ow2\asm\asm\5.0.4\asm-5.0.4.jar;D:\层帝\博客云架构\m2\repository\junit\junit\4.12\junit-4.12.jar;D:\层帝\博客云架构\m2\repository\org\assertj\assertj-core\3.9.1\assertj-core-3.9.1.jar;D:\层帝\博客云架构\m2\repository\org\mockito\mockito-core\2.15.0\mockito-core-2.15.0.jar;D:\层帝\博客云架构\m2\repository\net\bytebuddy\byte-buddy\1.7.11\byte-buddy-1.7.11.jar;D:\层帝\博客云架构\m2\repository\net\bytebuddy\byte-buddy-agent\1.7.11\byte-buddy-agent-1.7.11.jar;D:\层帝\博客云架构\m2\repository\org\objenesis\objenesis\2.6\objenesis-2.6.jar;D:\层帝\博客云架构\m2\repository\org\hamcrest\hamcrest-core\1.3\hamcrest-core-1.3.jar;D:\层帝\博客云架构\m2\repository\org\hamcrest\hamcrest-library\1.3\hamcrest-library-1.3.jar;D:\层帝\博客云架构\m2\repository\org\skyscreamer\jsonassert\1.5.0\jsonassert-1.5.0.jar;D:\层帝\博客云架构\m2\repository\com\vaadin\external\google\android-json\0.0.20131108.vaadin1\android-json-0.0.20131108.vaadin1.jar;D:\层帝\博客云架构\m2\repository\org\springframework\spring-test\5.0.5.RELEASE\spring-test-5.0.5.RELEASE.jar;D:\层帝\博客云架构\m2\repository\org\xmlunit\xmlunit-core\2.5.1\xmlunit-core-2.5.1.jar;D:\层帝\博客云架构\m2\repository\com\github\pagehelper\pagehelper-spring-boot-starter\1.2.4\pagehelper-spring-boot-starter-1.2.4.jar;D:\层帝\博客云架构\m2\repository\com\github\pagehelper\pagehelper-spring-boot-autoconfigure\1.2.4\pagehelper-spring-boot-autoconfigure-1.2.4.jar;D:\层帝\博客云架构\m2\repository\com\github\pagehelper\pagehelper\5.1.3\pagehelper-5.1.3.jar;D:\层帝\博客云架构\m2\repository\com\github\jsqlparser\jsqlparser\1.0\jsqlparser-1.0.jar;, user.name=层帝, java.vm.specification.version=1.8, sun.java.command=C:\Users\层帝\AppData\Local\Temp\surefire4641994243508798259\surefirebooter1095265559648089558.jar C:\Users\层帝\AppData\Local\Temp\surefire4641994243508798259 2020-02-21T22-03-56_621-jvmRun1 surefire7372888452076065879tmp surefire_07002200825907850762tmp, java.home=C:\Program Files\Java\jdk1.8.0_91\jre, sun.arch.data.model=64, user.language=zh, java.specification.vendor=Oracle Corporation, awt.toolkit=sun.awt.windows.WToolkit, java.vm.info=mixed mode, java.version=1.8.0_91, java.ext.dirs=C:\Program Files\Java\jdk1.8.0_91\jre\lib\ext;C:\WINDOWS\Sun\Java\lib\ext, sun.boot.class.path=C:\Program Files\Java\jdk1.8.0_91\jre\lib\resources.jar;C:\Program Files\Java\jdk1.8.0_91\jre\lib\rt.jar;C:\Program Files\Java\jdk1.8.0_91\jre\lib\sunrsasign.jar;C:\Program Files\Java\jdk1.8.0_91\jre\lib\jsse.jar;C:\Program Files\Java\jdk1.8.0_91\jre\lib\jce.jar;C:\Program Files\Java\jdk1.8.0_91\jre\lib\charsets.jar;C:\Program Files\Java\jdk1.8.0_91\jre\lib\jfr.jar;C:\Program Files\Java\jdk1.8.0_91\jre\classes, java.vendor=Oracle Corporation, localRepository=D:\层帝\博客云架构\m2\repository, file.separator=\, java.vendor.url.bug=http://bugreport.sun.com/bugreport/, sun.io.unicode.encoding=UnicodeLittle, sun.cpu.endian=little, sun.desktop=windows, sun.cpu.isalist=amd64}}, SystemEnvironmentPropertySource@370869802 {name='systemEnvironment', properties={PATH=D:\层帝\电商\mongodb\workspace\bin;D:\app\product\11.2.0\dbhome_1\bin;D:\app\层帝\product\11.2.0\dbhome_1\bin;D;\层帝\博客云架构\maven\apache-maven-3.6.1\bin;C:\Pro;ramData\Oracle\Java\javapath;C:\Program Files (x86)\Intel\Intel(R) Management Engine Components\iCLS\;C:\Program Files\Intel\Intel(R) Management Engine Components\iCLS\;C:\Windows\system32;C:\Windows;C:\Windows\System32\Wbem;C:\Windows\System32\WindowsPowerShell\v1.0\;C:\Program Files (x86)\Intel\Intel(R) Management Engine Components\DAL;C:\Program Files\Intel\Intel(R) Management Engine Components\DAL;C:\Program Files (x86)\Intel\Intel(R) Management Engine Components\IPT;C:\Program Files\Intel\Intel(R) Management Engine Components\IPT;C:\Program Files (x86)\NVIDIA Corporation\PhysX\Common;C:\Program Files\Intel\WiFi\bin\;C:\Program Files\Common Files\Intel\WirelessCommon\;C:\WINDOWS\system32;C:\WINDOWS;C:\WINDOWS\System32\Wbem;C:\WINDOWS\System32\WindowsPowerShell\v1.0\;C:\WINDOWS\System32\OpenSSH\;C:\Program Files\MySQL\MySQL Server 5.5\bin;"C:\Program Files\Java\jdk1.8.0_91\bin;%JRE_HOME%\jre\bin";D:\Node\;D:\Git\MyGit\Git\cmd;C:\Program Files\Java\jdk1.8.0_91\bin;D:\Redis;";D:\RabbitMQ\erlang\erl9.3\bin;";%RABBITMQ_SERVER%\sbin;D:\Redis-could\Ruby\Ruby23\bin, USERDOMAIN_ROAMINGPROFILE=DESKTOP-70UCBRV, LOCALAPPDATA=C:\Users\层帝\AppData\Local, PROCESSOR_LEVEL=6, SYSTEMDRIVE=C:, COMMONPROGRAMFILES(X86)=C:\Program Files (x86)\Common Files, USERDOMAIN=DESKTOP-70UCBRV, FPS_BROWSER_APP_PROFILE_STRING=Internet Explorer, LOGONSERVER=\\DESKTOP-70UCBRV, JAVA_HOME=C:\Program Files\Java\jdk1.8.0_91, PROMPT=$P$G, SESSIONNAME=Console, ALLUSERSPROFILE=C:\ProgramData, PROGRAMFILES(X86)=C:\Program Files (x86), PROCESSOR_ARCHITECTURE=AMD64, DRIVERDATA=C:\Windows\System32\Drivers\DriverData, ERLANG_HOME=D:\RabbitMQ\erlang\erl9.3, PROGRAMFILES=C:\Program Files, APPDATA=C:\Users\层帝\AppData\Roaming, PSMODULEPATH=C:\Program Files\WindowsPowerShell\Modules;C:\WINDOWS\system32\WindowsPowerShell\v1.0\Modules, PROGRAMW6432=C:\Program Files, PROGRAMDATA=C:\ProgramData, SYSTEMROOT=C:\WINDOWS, USERNAME=层帝, NODE_PATH=D:\Node\node_modules, FPS_BROWSER_USER_PROFILE_STRING=Default, ONEDRIVE=C:\Users\层帝\OneDrive, PATHEXT=.COM;.EXE;.BAT;.CMD;.VBS;.VBE;.JS;.JSE;.WSF;.WSH;.MSC;.RB;.RBW, OS=Windows_NT, COMMONPROGRAMW6432=C:\Program Files\Common Files, COMPUTERNAME=DESKTOP-70UCBRV, EABBITMQ_SERVER=D:\RabbitMQ\rabbitmq_server-3.7.3\rabbitmq_server-3.7.3, COMMONPROGRAMFILES=C:\Program Files\Common Files, COMSPEC=C:\WINDOWS\system32\cmd.exe, PROCESSOR_REVISION=9e0a, WINDIR=C:\WINDOWS, =D:=D:\idea\code\nm-service-manage-course, HOMEPATH=\Users\层帝, TEMP=C:\Users\层帝\AppData\Local\Temp, HOMEDRIVE=C:, PROCESSOR_IDENTIFIER=Intel64 Family 6 Model 158 Stepping 10, GenuineIntel, USERPROFILE=C:\Users\层帝, TMP=C:\Users\层帝\AppData\Local\Temp, PUBLIC=C:\Users\Public, NUMBER_OF_PROCESSORS=12, =::=::\, IDEA_INITIAL_DIRECTORY=C:\WINDOWS\System32}}]
22:04:03.924 [main] DEBUG org.springframework.core.io.support.PathMatchingResourcePatternResolver - Resolved classpath location [com/ningmeng/manage_course/dao/] to resources [URL [file:/D:/idea/code/nm-service-manage-course/target/test-classes/com/ningmeng/manage_course/dao/], URL [file:/D:/idea/code/nm-service-manage-course/target/classes/com/ningmeng/manage_course/dao/]]
22:04:03.925 [main] DEBUG org.springframework.core.io.support.PathMatchingResourcePatternResolver - Looking for matching resources in directory tree [D:\idea\code\nm-service-manage-course\target\test-classes\com\ningmeng\manage_course\dao]
22:04:03.925 [main] DEBUG org.springframework.core.io.support.PathMatchingResourcePatternResolver - Searching directory [D:\idea\code\nm-service-manage-course\target\test-classes\com\ningmeng\manage_course\dao] for files matching pattern [D:/idea/code/nm-service-manage-course/target/test-classes/com/ningmeng/manage_course/dao/*.class]
22:04:03.928 [main] DEBUG org.springframework.core.io.support.PathMatchingResourcePatternResolver - Looking for matching resources in directory tree [D:\idea\code\nm-service-manage-course\target\classes\com\ningmeng\manage_course\dao]
22:04:03.928 [main] DEBUG org.springframework.core.io.support.PathMatchingResourcePatternResolver - Searching directory [D:\idea\code\nm-service-manage-course\target\classes\com\ningmeng\manage_course\dao] for files matching pattern [D:/idea/code/nm-service-manage-course/target/classes/com/ningmeng/manage_course/dao/*.class]
22:04:03.933 [main] DEBUG org.springframework.core.io.support.PathMatchingResourcePatternResolver - Resolved location pattern [classpath*:com/ningmeng/manage_course/dao/*.class] to resources [file [D:\idea\code\nm-service-manage-course\target\test-classes\com\ningmeng\manage_course\dao\TestDao.class], file [D:\idea\code\nm-service-manage-course\target\classes\com\ningmeng\manage_course\dao\CategoryMapper.class], file [D:\idea\code\nm-service-manage-course\target\classes\com\ningmeng\manage_course\dao\CourseBaseRepository.class], file [D:\idea\code\nm-service-manage-course\target\classes\com\ningmeng\manage_course\dao\CourseMapper.class], file [D:\idea\code\nm-service-manage-course\target\classes\com\ningmeng\manage_course\dao\CourseMarketRepository.class], file [D:\idea\code\nm-service-manage-course\target\classes\com\ningmeng\manage_course\dao\CoursePicRepositroy.class], file [D:\idea\code\nm-service-manage-course\target\classes\com\ningmeng\manage_course\dao\SysDicthinaryRepository.class], file [D:\idea\code\nm-service-manage-course\target\classes\com\ningmeng\manage_course\dao\TeachplanMapper.class], file [D:\idea\code\nm-service-manage-course\target\classes\com\ningmeng\manage_course\dao\TeachplanRepository.class]]
22:04:03.976 [main] DEBUG org.springframework.core.io.support.PathMatchingResourcePatternResolver - Resolved classpath location [com/ningmeng/manage_course/] to resources [URL [file:/D:/idea/code/nm-service-manage-course/target/test-classes/com/ningmeng/manage_course/], URL [file:/D:/idea/code/nm-service-manage-course/target/classes/com/ningmeng/manage_course/]]
22:04:03.977 [main] DEBUG org.springframework.core.io.support.PathMatchingResourcePatternResolver - Looking for matching resources in directory tree [D:\idea\code\nm-service-manage-course\target\test-classes\com\ningmeng\manage_course]
22:04:03.978 [main] DEBUG org.springframework.core.io.support.PathMatchingResourcePatternResolver - Searching directory [D:\idea\code\nm-service-manage-course\target\test-classes\com\ningmeng\manage_course] for files matching pattern [D:/idea/code/nm-service-manage-course/target/test-classes/com/ningmeng/manage_course/*.class]
22:04:03.979 [main] DEBUG org.springframework.core.io.support.PathMatchingResourcePatternResolver - Looking for matching resources in directory tree [D:\idea\code\nm-service-manage-course\target\classes\com\ningmeng\manage_course]
22:04:03.979 [main] DEBUG org.springframework.core.io.support.PathMatchingResourcePatternResolver - Searching directory [D:\idea\code\nm-service-manage-course\target\classes\com\ningmeng\manage_course] for files matching pattern [D:/idea/code/nm-service-manage-course/target/classes/com/ningmeng/manage_course/*.class]
22:04:03.981 [main] DEBUG org.springframework.core.io.support.PathMatchingResourcePatternResolver - Resolved location pattern [classpath*:com/ningmeng/manage_course/*.class] to resources [file [D:\idea\code\nm-service-manage-course\target\classes\com\ningmeng\manage_course\ManageCourseApplication.class]]
22:04:04.019 [main] DEBUG org.springframework.context.annotation.ClassPathScanningCandidateComponentProvider - Identified candidate component class: file [D:\idea\code\nm-service-manage-course\target\classes\com\ningmeng\manage_course\ManageCourseApplication.class]
22:04:04.022 [main] INFO org.springframework.boot.test.context.SpringBootTestContextBootstrapper - Found @SpringBootConfiguration com.ningmeng.manage_course.ManageCourseApplication for test class com.ningmeng.manage_course.dao.TestDao
22:04:04.164 [main] DEBUG org.springframework.boot.test.context.SpringBootTestContextBootstrapper - @TestExecutionListeners is not present for class [com.ningmeng.manage_course.dao.TestDao]: using defaults.
22:04:04.165 [main] INFO org.springframework.boot.test.context.SpringBootTestContextBootstrapper - Loaded default TestExecutionListener class names from location [META-INF/spring.factories]: [org.springframework.boot.test.mock.mockito.MockitoTestExecutionListener, org.springframework.boot.test.mock.mockito.ResetMocksTestExecutionListener, org.springframework.boot.test.autoconfigure.restdocs.RestDocsTestExecutionListener, org.springframework.boot.test.autoconfigure.web.client.MockRestServiceServerResetTestExecutionListener, org.springframework.boot.test.autoconfigure.web.servlet.MockMvcPrintOnlyOnFailureTestExecutionListener, org.springframework.boot.test.autoconfigure.web.servlet.WebDriverTestExecutionListener, org.springframework.test.context.web.ServletTestExecutionListener, org.springframework.test.context.support.DirtiesContextBeforeModesTestExecutionListener, org.springframework.test.context.support.DependencyInjectionTestExecutionListener, org.springframework.test.context.support.DirtiesContextTestExecutionListener, org.springframework.test.context.transaction.TransactionalTestExecutionListener, org.springframework.test.context.jdbc.SqlScriptsTestExecutionListener]
22:04:04.207 [main] INFO org.springframework.boot.test.context.SpringBootTestContextBootstrapper - Using TestExecutionListeners: [org.springframework.test.context.web.ServletTestExecutionListener@865dd6, org.springframework.test.context.support.DirtiesContextBeforeModesTestExecutionListener@4da4253, org.springframework.boot.test.mock.mockito.MockitoTestExecutionListener@3972a855, org.springframework.boot.test.autoconfigure.SpringBootDependencyInjectionTestExecutionListener@62e7f11d, org.springframework.test.context.support.DirtiesContextTestExecutionListener@503d687a, org.springframework.test.context.transaction.TransactionalTestExecutionListener@6a370f4, org.springframework.test.context.jdbc.SqlScriptsTestExecutionListener@2abf4075, org.springframework.boot.test.mock.mockito.ResetMocksTestExecutionListener@770d3326, org.springframework.boot.test.autoconfigure.restdocs.RestDocsTestExecutionListener@4cc8eb05, org.springframework.boot.test.autoconfigure.web.client.MockRestServiceServerResetTestExecutionListener@51f116b8, org.springframework.boot.test.autoconfigure.web.servlet.MockMvcPrintOnlyOnFailureTestExecutionListener@19d481b, org.springframework.boot.test.autoconfigure.web.servlet.WebDriverTestExecutionListener@1f97cf0d]
22:04:04.211 [main] DEBUG org.springframework.test.annotation.ProfileValueUtils - Retrieved @ProfileValueSourceConfiguration [null] for test class [com.ningmeng.manage_course.dao.TestDao]
22:04:04.212 [main] DEBUG org.springframework.test.annotation.ProfileValueUtils - Retrieved ProfileValueSource type [class org.springframework.test.annotation.SystemProfileValueSource] for class [com.ningmeng.manage_course.dao.TestDao]
22:04:04.215 [main] DEBUG org.springframework.test.annotation.ProfileValueUtils - Retrieved @ProfileValueSourceConfiguration [null] for test class [com.ningmeng.manage_course.dao.TestDao]
22:04:04.215 [main] DEBUG org.springframework.test.annotation.ProfileValueUtils - Retrieved ProfileValueSource type [class org.springframework.test.annotation.SystemProfileValueSource] for class [com.ningmeng.manage_course.dao.TestDao]
22:04:04.216 [main] DEBUG org.springframework.test.annotation.ProfileValueUtils - Retrieved @ProfileValueSourceConfiguration [null] for test class [com.ningmeng.manage_course.dao.TestDao]
22:04:04.216 [main] DEBUG org.springframework.test.annotation.ProfileValueUtils - Retrieved ProfileValueSource type [class org.springframework.test.annotation.SystemProfileValueSource] for class [com.ningmeng.manage_course.dao.TestDao]
22:04:04.221 [main] DEBUG org.springframework.test.context.support.AbstractDirtiesContextTestExecutionListener - Before test class: context [DefaultTestContext@67080771 testClass = TestDao, testInstance = [null], testMethod = [null], testException = [null], mergedContextConfiguration = [WebMergedContextConfiguration@72cde7cc testClass = TestDao, locations = '{}', classes = '{class com.ningmeng.manage_course.ManageCourseApplication}', contextInitializerClasses = '[]', activeProfiles = '{}', propertySourceLocations = '{}', propertySourceProperties = '{org.springframework.boot.test.context.SpringBootTestContextBootstrapper=true}', contextCustomizers = set[org.springframework.boot.test.context.filter.ExcludeFilterContextCustomizer@525b461a, org.springframework.boot.test.json.DuplicateJsonObjectContextCustomizerFactory$DuplicateJsonObjectContextCustomizer@61d47554, org.springframework.boot.test.mock.mockito.MockitoContextCustomizer@0, org.springframework.boot.test.web.client.TestRestTemplateContextCustomizer@62e136d3, org.springframework.boot.test.autoconfigure.properties.PropertyMappingContextCustomizer@0, org.springframework.boot.test.autoconfigure.web.servlet.WebDriverContextCustomizerFactory$Customizer@57d5872c], resourceBasePath = 'src/main/webapp', contextLoader = 'org.springframework.boot.test.context.SpringBootContextLoader', parent = [null]], attributes = map['org.springframework.test.context.web.ServletTestExecutionListener.activateListener' -> true]], class annotated with @DirtiesContext [false] with mode [null].
22:04:04.222 [main] DEBUG org.springframework.test.annotation.ProfileValueUtils - Retrieved @ProfileValueSourceConfiguration [null] for test class [com.ningmeng.manage_course.dao.TestDao]
22:04:04.222 [main] DEBUG org.springframework.test.annotation.ProfileValueUtils - Retrieved ProfileValueSource type [class org.springframework.test.annotation.SystemProfileValueSource] for class [com.ningmeng.manage_course.dao.TestDao]
22:04:04.250 [main] DEBUG org.springframework.core.env.StandardEnvironment - Adding PropertySource 'systemProperties' with lowest search precedence
22:04:04.251 [main] DEBUG org.springframework.core.env.StandardEnvironment - Adding PropertySource 'systemEnvironment' with lowest search precedence
22:04:04.251 [main] DEBUG org.springframework.core.env.StandardEnvironment - Initialized StandardEnvironment with PropertySources [MapPropertySource@1030684756 {name='systemProperties', properties={java.runtime.name=Java(TM) SE Runtime Environment, sun.boot.library.path=C:\Program Files\Java\jdk1.8.0_91\jre\bin, java.vm.version=25.91-b14, java.vm.vendor=Oracle Corporation, java.vendor.url=http://java.oracle.com/, path.separator=;, java.vm.name=Java HotSpot(TM) 64-Bit Server VM, file.encoding.pkg=sun.io, user.country=CN, user.script=, sun.java.launcher=SUN_STANDARD, sun.os.patch.level=, java.vm.specification.name=Java Virtual Machine Specification, user.dir=D:\idea\code\nm-service-manage-course, java.runtime.version=1.8.0_91-b14, basedir=D:\idea\code\nm-service-manage-course, java.awt.graphicsenv=sun.awt.Win32GraphicsEnvironment, java.endorsed.dirs=C:\Program Files\Java\jdk1.8.0_91\jre\lib\endorsed, os.arch=amd64, surefire.real.class.path=C:\Users\层帝\AppData\Local\Temp\surefire4641994243508798259\surefirebooter1095265559648089558.jar, java.io.tmpdir=C:\Users\层帝\AppData\Local\Temp\, line.separator=
, java.vm.specification.vendor=Oracle Corporation, user.variant=, os.name=Windows 10, sun.jnu.encoding=GBK, java.library.path=C:\Program Files\Java\jdk1.8.0_91\jre\bin;C:\WINDOWS\Sun\Java\bin;C:\WINDOWS\system32;C:\WINDOWS;D:\层帝\电商\mongodb\workspace\bin;D:\app\product\11.2.0\dbhome_1\bin;D:\app\层帝\product\11.2.0\dbhome_1\bin;D;\层帝\博客云架构\maven\apache-maven-3.6.1\bin;C:\Pro;ramData\Oracle\Java\javapath;C:\Program Files (x86)\Intel\Intel(R) Management Engine Components\iCLS\;C:\Program Files\Intel\Intel(R) Management Engine Components\iCLS\;C:\Windows\system32;C:\Windows;C:\Windows\System32\Wbem;C:\Windows\System32\WindowsPowerShell\v1.0\;C:\Program Files (x86)\Intel\Intel(R) Management Engine Components\DAL;C:\Program Files\Intel\Intel(R) Management Engine Components\DAL;C:\Program Files (x86)\Intel\Intel(R) Management Engine Components\IPT;C:\Program Files\Intel\Intel(R) Management Engine Components\IPT;C:\Program Files (x86)\NVIDIA Corporation\PhysX\Common;C:\Program Files\Intel\WiFi\bin\;C:\Program Files\Common Files\Intel\WirelessCommon\;C:\WINDOWS\system32;C:\WINDOWS;C:\WINDOWS\System32\Wbem;C:\WINDOWS\System32\WindowsPowerShell\v1.0\;C:\WINDOWS\System32\OpenSSH\;C:\Program Files\MySQL\MySQL Server 5.5\bin;"C:\Program Files\Java\jdk1.8.0_91\bin;%JRE_HOME%\jre\bin";D:\Node\;D:\Git\MyGit\Git\cmd;C:\Program Files\Java\jdk1.8.0_91\bin;D:\Redis;";D:\RabbitMQ\erlang\erl9.3\bin;";%RABBITMQ_SERVER%\sbin;D:\Redis-could\Ruby\Ruby23\bin;., surefire.test.class.path=D:\idea\code\nm-service-manage-course\target\test-classes;D:\idea\code\nm-service-manage-course\target\classes;D:\idea\code\nm-service-api\target\nm-service-api.jar;D:\层帝\博客云架构\m2\repository\commons-fileupload\commons-fileupload\1.3.3\commons-fileupload-1.3.3.jar;D:\层帝\博客云架构\m2\repository\io\springfox\springfox-swagger2\2.7.0\springfox-swagger2-2.7.0.jar;D:\层帝\博客云架构\m2\repository\io\swagger\swagger-annotations\1.5.13\swagger-annotations-1.5.13.jar;D:\层帝\博客云架构\m2\repository\io\swagger\swagger-models\1.5.13\swagger-models-1.5.13.jar;D:\层帝\博客云架构\m2\repository\com\fasterxml\jackson\core\jackson-annotations\2.9.0\jackson-annotations-2.9.0.jar;D:\层帝\博客云架构\m2\repository\io\springfox\springfox-spi\2.7.0\springfox-spi-2.7.0.jar;D:\层帝\博客云架构\m2\repository\io\springfox\springfox-core\2.7.0\springfox-core-2.7.0.jar;D:\层帝\博客云架构\m2\repository\io\springfox\springfox-schema\2.7.0\springfox-schema-2.7.0.jar;D:\层帝\博客云架构\m2\repository\io\springfox\springfox-swagger-common\2.7.0\springfox-swagger-common-2.7.0.jar;D:\层帝\博客云架构\m2\repository\io\springfox\springfox-spring-web\2.7.0\springfox-spring-web-2.7.0.jar;D:\层帝\博客云架构\m2\repository\org\reflections\reflections\0.9.11\reflections-0.9.11.jar;D:\层帝\博客云架构\m2\repository\com\fasterxml\classmate\1.3.4\classmate-1.3.4.jar;D:\层帝\博客云架构\m2\repository\org\springframework\plugin\spring-plugin-core\1.2.0.RELEASE\spring-plugin-core-1.2.0.RELEASE.jar;D:\层帝\博客云架构\m2\repository\org\springframework\plugin\spring-plugin-metadata\1.2.0.RELEASE\spring-plugin-metadata-1.2.0.RELEASE.jar;D:\层帝\博客云架构\m2\repository\org\mapstruct\mapstruct\1.1.0.Final\mapstruct-1.1.0.Final.jar;D:\层帝\博客云架构\m2\repository\io\springfox\springfox-swagger-ui\2.7.0\springfox-swagger-ui-2.7.0.jar;D:\idea\code\nm-framework-model\target\nm-framework-model.jar;D:\层帝\博客云架构\m2\repository\org\projectlombok\lombok\1.16.16\lombok-1.16.16.jar;D:\层帝\博客云架构\m2\repository\org\springframework\data\spring-data-commons\2.0.6.RELEASE\spring-data-commons-2.0.6.RELEASE.jar;D:\层帝\博客云架构\m2\repository\org\springframework\data\spring-data-mongodb\2.0.6.RELEASE\spring-data-mongodb-2.0.6.RELEASE.jar;D:\层帝\博客云架构\m2\repository\org\springframework\spring-context\5.0.5.RELEASE\spring-context-5.0.5.RELEASE.jar;D:\层帝\博客云架构\m2\repository\org\springframework\spring-expression\5.0.5.RELEASE\spring-expression-5.0.5.RELEASE.jar;D:\层帝\博客云架构\m2\repository\org\mongodb\mongo-java-driver\3.6.3\mongo-java-driver-3.6.3.jar;D:\层帝\博客云架构\m2\repository\org\hibernate\hibernate-core\5.2.16.Final\hibernate-core-5.2.16.Final.jar;D:\层帝\博客云架构\m2\repository\org\jboss\logging\jboss-logging\3.3.2.Final\jboss-logging-3.3.2.Final.jar;D:\层帝\博客云架构\m2\repository\org\hibernate\javax\persistence\hibernate-jpa-2.1-api\1.0.0.Final\hibernate-jpa-2.1-api-1.0.0.Final.jar;D:\层帝\博客云架构\m2\repository\org\javassist\javassist\3.22.0-GA\javassist-3.22.0-GA.jar;D:\层帝\博客云架构\m2\repository\antlr\antlr\2.7.7\antlr-2.7.7.jar;D:\层帝\博客云架构\m2\repository\org\jboss\spec\javax\transaction\jboss-transaction-api_1.2_spec\1.0.1.Final\jboss-transaction-api_1.2_spec-1.0.1.Final.jar;D:\层帝\博客云架构\m2\repository\org\jboss\jandex\2.0.3.Final\jandex-2.0.3.Final.jar;D:\层帝\博客云架构\m2\repository\dom4j\dom4j\1.6.1\dom4j-1.6.1.jar;D:\层帝\博客云架构\m2\repository\org\hibernate\common\hibernate-commons-annotations\5.0.1.Final\hibernate-commons-annotations-5.0.1.Final.jar;D:\层帝\博客云架构\m2\repository\com\google\guava\guava\24.0-jre\guava-24.0-jre.jar;D:\层帝\博客云架构\m2\repository\com\google\code\findbugs\jsr305\1.3.9\jsr305-1.3.9.jar;D:\层帝\博客云架构\m2\repository\org\checkerframework\checker-compat-qual\2.0.0\checker-compat-qual-2.0.0.jar;D:\层帝\博客云架构\m2\repository\com\google\errorprone\error_prone_annotations\2.1.3\error_prone_annotations-2.1.3.jar;D:\层帝\博客云架构\m2\repository\com\google\j2objc\j2objc-annotations\1.1\j2objc-annotations-1.1.jar;D:\层帝\博客云架构\m2\repository\org\codehaus\mojo\animal-sniffer-annotations\1.14\animal-sniffer-annotations-1.14.jar;D:\idea\code\nm-framework-utils\target\nm-framework-utils.jar;D:\层帝\博客云架构\m2\repository\javax\servlet\javax.servlet-api\3.1.0\javax.servlet-api-3.1.0.jar;D:\层帝\博客云架构\m2\repository\org\springframework\boot\spring-boot-starter-logging\2.0.1.RELEASE\spring-boot-starter-logging-2.0.1.RELEASE.jar;D:\层帝\博客云架构\m2\repository\ch\qos\logback\logback-classic\1.2.3\logback-classic-1.2.3.jar;D:\层帝\博客云架构\m2\repository\ch\qos\logback\logback-core\1.2.3\logback-core-1.2.3.jar;D:\层帝\博客云架构\m2\repository\org\apache\logging\log4j\log4j-to-slf4j\2.10.0\log4j-to-slf4j-2.10.0.jar;D:\层帝\博客云架构\m2\repository\org\apache\logging\log4j\log4j-api\2.10.0\log4j-api-2.10.0.jar;D:\层帝\博客云架构\m2\repository\org\slf4j\jul-to-slf4j\1.7.25\jul-to-slf4j-1.7.25.jar;D:\层帝\博客云架构\m2\repository\org\apache\httpcomponents\httpclient\4.5.5\httpclient-4.5.5.jar;D:\层帝\博客云架构\m2\repository\org\apache\httpcomponents\httpcore\4.4.9\httpcore-4.4.9.jar;D:\层帝\博客云架构\m2\repository\commons-codec\commons-codec\1.10\commons-codec-1.10.jar;D:\层帝\博客云架构\m2\repository\net\lingala\zip4j\zip4j\1.3.1\zip4j-1.3.1.jar;D:\层帝\博客云架构\m2\repository\org\springframework\security\spring-security-crypto\5.0.4.RELEASE\spring-security-crypto-5.0.4.RELEASE.jar;D:\层帝\博客云架构\m2\repository\org\springframework\security\spring-security-jwt\1.0.8.RELEASE\spring-security-jwt-1.0.8.RELEASE.jar;D:\层帝\博客云架构\m2\repository\org\bouncycastle\bcpkix-jdk15on\1.56\bcpkix-jdk15on-1.56.jar;D:\层帝\博客云架构\m2\repository\org\bouncycastle\bcprov-jdk15on\1.56\bcprov-jdk15on-1.56.jar;D:\idea\code\nm-framework-common\target\nm-framework-common.jar;D:\层帝\博客云架构\m2\repository\org\springframework\spring-web\5.0.5.RELEASE\spring-web-5.0.5.RELEASE.jar;D:\层帝\博客云架构\m2\repository\org\springframework\cloud\spring-cloud-starter-openfeign\2.0.1.RELEASE\spring-cloud-starter-openfeign-2.0.1.RELEASE.jar;D:\层帝\博客云架构\m2\repository\org\springframework\cloud\spring-cloud-starter\2.0.1.RELEASE\spring-cloud-starter-2.0.1.RELEASE.jar;D:\层帝\博客云架构\m2\repository\org\springframework\cloud\spring-cloud-context\2.0.1.RELEASE\spring-cloud-context-2.0.1.RELEASE.jar;D:\层帝\博客云架构\m2\repository\org\springframework\security\spring-security-rsa\1.0.5.RELEASE\spring-security-rsa-1.0.5.RELEASE.jar;D:\层帝\博客云架构\m2\repository\org\springframework\cloud\spring-cloud-openfeign-core\2.0.1.RELEASE\spring-cloud-openfeign-core-2.0.1.RELEASE.jar;D:\层帝\博客云架构\m2\repository\org\springframework\cloud\spring-cloud-netflix-ribbon\2.0.1.RELEASE\spring-cloud-netflix-ribbon-2.0.1.RELEASE.jar;D:\层帝\博客云架构\m2\repository\org\springframework\cloud\spring-cloud-netflix-archaius\2.0.1.RELEASE\spring-cloud-netflix-archaius-2.0.1.RELEASE.jar;D:\层帝\博客云架构\m2\repository\org\springframework\cloud\spring-cloud-commons\2.0.1.RELEASE\spring-cloud-commons-2.0.1.RELEASE.jar;D:\层帝\博客云架构\m2\repository\io\github\openfeign\feign-core\9.5.1\feign-core-9.5.1.jar;D:\层帝\博客云架构\m2\repository\io\github\openfeign\feign-slf4j\9.5.1\feign-slf4j-9.5.1.jar;D:\层帝\博客云架构\m2\repository\io\github\openfeign\feign-hystrix\9.5.1\feign-hystrix-9.5.1.jar;D:\层帝\博客云架构\m2\repository\com\netflix\archaius\archaius-core\0.7.6\archaius-core-0.7.6.jar;D:\层帝\博客云架构\m2\repository\commons-configuration\commons-configuration\1.8\commons-configuration-1.8.jar;D:\层帝\博客云架构\m2\repository\commons-lang\commons-lang\2.6\commons-lang-2.6.jar;D:\层帝\博客云架构\m2\repository\com\netflix\hystrix\hystrix-core\1.5.12\hystrix-core-1.5.12.jar;D:\层帝\博客云架构\m2\repository\io\reactivex\rxjava\1.3.8\rxjava-1.3.8.jar;D:\层帝\博客云架构\m2\repository\org\hdrhistogram\HdrHistogram\2.1.9\HdrHistogram-2.1.9.jar;D:\层帝\博客云架构\m2\repository\io\github\openfeign\feign-java8\9.5.1\feign-java8-9.5.1.jar;D:\层帝\博客云架构\m2\repository\org\springframework\boot\spring-boot-starter-web\2.0.1.RELEASE\spring-boot-starter-web-2.0.1.RELEASE.jar;D:\层帝\博客云架构\m2\repository\org\springframework\boot\spring-boot-starter\2.0.1.RELEASE\spring-boot-starter-2.0.1.RELEASE.jar;D:\层帝\博客云架构\m2\repository\org\springframework\boot\spring-boot\2.0.1.RELEASE\spring-boot-2.0.1.RELEASE.jar;D:\层帝\博客云架构\m2\repository\javax\annotation\javax.annotation-api\1.3.2\javax.annotation-api-1.3.2.jar;D:\层帝\博客云架构\m2\repository\org\yaml\snakeyaml\1.19\snakeyaml-1.19.jar;D:\层帝\博客云架构\m2\repository\org\springframework\boot\spring-boot-starter-json\2.0.1.RELEASE\spring-boot-starter-json-2.0.1.RELEASE.jar;D:\层帝\博客云架构\m2\repository\com\fasterxml\jackson\core\jackson-databind\2.9.5\jackson-databind-2.9.5.jar;D:\层帝\博客云架构\m2\repository\com\fasterxml\jackson\core\jackson-core\2.9.5\jackson-core-2.9.5.jar;D:\层帝\博客云架构\m2\repository\com\fasterxml\jackson\datatype\jackson-datatype-jdk8\2.9.5\jackson-datatype-jdk8-2.9.5.jar;D:\层帝\博客云架构\m2\repository\com\fasterxml\jackson\datatype\jackson-datatype-jsr310\2.9.5\jackson-datatype-jsr310-2.9.5.jar;D:\层帝\博客云架构\m2\repository\com\fasterxml\jackson\module\jackson-module-parameter-names\2.9.5\jackson-module-parameter-names-2.9.5.jar;D:\层帝\博客云架构\m2\repository\org\springframework\boot\spring-boot-starter-tomcat\2.0.1.RELEASE\spring-boot-starter-tomcat-2.0.1.RELEASE.jar;D:\层帝\博客云架构\m2\repository\org\apache\tomcat\embed\tomcat-embed-core\8.5.28\tomcat-embed-core-8.5.28.jar;D:\层帝\博客云架构\m2\repository\org\apache\tomcat\embed\tomcat-embed-el\8.5.28\tomcat-embed-el-8.5.28.jar;D:\层帝\博客云架构\m2\repository\org\apache\tomcat\embed\tomcat-embed-websocket\8.5.28\tomcat-embed-websocket-8.5.28.jar;D:\层帝\博客云架构\m2\repository\org\hibernate\validator\hibernate-validator\6.0.9.Final\hibernate-validator-6.0.9.Final.jar;D:\层帝\博客云架构\m2\repository\javax\validation\validation-api\2.0.1.Final\validation-api-2.0.1.Final.jar;D:\层帝\博客云架构\m2\repository\org\springframework\spring-webmvc\5.0.5.RELEASE\spring-webmvc-5.0.5.RELEASE.jar;D:\层帝\博客云架构\m2\repository\org\springframework\spring-aop\5.0.5.RELEASE\spring-aop-5.0.5.RELEASE.jar;D:\层帝\博客云架构\m2\repository\mysql\mysql-connector-java\5.1.40\mysql-connector-java-5.1.40.jar;D:\层帝\博客云架构\m2\repository\com\alibaba\druid-spring-boot-starter\1.1.10\druid-spring-boot-starter-1.1.10.jar;D:\层帝\博客云架构\m2\repository\com\alibaba\druid\1.1.6\druid-1.1.6.jar;D:\层帝\博客云架构\m2\repository\org\slf4j\slf4j-api\1.7.25\slf4j-api-1.7.25.jar;D:\层帝\博客云架构\m2\repository\org\springframework\boot\spring-boot-autoconfigure\2.0.1.RELEASE\spring-boot-autoconfigure-2.0.1.RELEASE.jar;D:\层帝\博客云架构\m2\repository\org\mybatis\spring\boot\mybatis-spring-boot-starter\1.3.1\mybatis-spring-boot-starter-1.3.1.jar;D:\层帝\博客云架构\m2\repository\org\springframework\boot\spring-boot-starter-jdbc\2.0.1.RELEASE\spring-boot-starter-jdbc-2.0.1.RELEASE.jar;D:\层帝\博客云架构\m2\repository\com\zaxxer\HikariCP\2.7.8\HikariCP-2.7.8.jar;D:\层帝\博客云架构\m2\repository\org\mybatis\spring\boot\mybatis-spring-boot-autoconfigure\1.3.1\mybatis-spring-boot-autoconfigure-1.3.1.jar;D:\层帝\博客云架构\m2\repository\org\mybatis\mybatis\3.4.5\mybatis-3.4.5.jar;D:\层帝\博客云架构\m2\repository\org\mybatis\mybatis-spring\1.3.1\mybatis-spring-1.3.1.jar;D:\层帝\博客云架构\m2\repository\org\springframework\spring-orm\5.0.5.RELEASE\spring-orm-5.0.5.RELEASE.jar;D:\层帝\博客云架构\m2\repository\org\springframework\spring-beans\5.0.5.RELEASE\spring-beans-5.0.5.RELEASE.jar;D:\层帝\博客云架构\m2\repository\org\springframework\spring-core\5.0.5.RELEASE\spring-core-5.0.5.RELEASE.jar;D:\层帝\博客云架构\m2\repository\org\springframework\spring-jcl\5.0.5.RELEASE\spring-jcl-5.0.5.RELEASE.jar;D:\层帝\博客云架构\m2\repository\org\springframework\spring-jdbc\5.0.5.RELEASE\spring-jdbc-5.0.5.RELEASE.jar;D:\层帝\博客云架构\m2\repository\org\springframework\spring-tx\5.0.5.RELEASE\spring-tx-5.0.5.RELEASE.jar;D:\层帝\博客云架构\m2\repository\org\springframework\boot\spring-boot-starter-data-jpa\2.0.1.RELEASE\spring-boot-starter-data-jpa-2.0.1.RELEASE.jar;D:\层帝\博客云架构\m2\repository\org\springframework\boot\spring-boot-starter-aop\2.0.1.RELEASE\spring-boot-starter-aop-2.0.1.RELEASE.jar;D:\层帝\博客云架构\m2\repository\org\aspectj\aspectjweaver\1.8.13\aspectjweaver-1.8.13.jar;D:\层帝\博客云架构\m2\repository\javax\transaction\javax.transaction-api\1.2\javax.transaction-api-1.2.jar;D:\层帝\博客云架构\m2\repository\org\springframework\data\spring-data-jpa\2.0.6.RELEASE\spring-data-jpa-2.0.6.RELEASE.jar;D:\层帝\博客云架构\m2\repository\org\springframework\spring-aspects\5.0.5.RELEASE\spring-aspects-5.0.5.RELEASE.jar;D:\层帝\博客云架构\m2\repository\com\squareup\okhttp3\okhttp\3.9.1\okhttp-3.9.1.jar;D:\层帝\博客云架构\m2\repository\com\squareup\okio\okio\1.13.0\okio-1.13.0.jar;D:\层帝\博客云架构\m2\repository\com\alibaba\fastjson\1.2.30\fastjson-1.2.30.jar;D:\层帝\博客云架构\m2\repository\commons-io\commons-io\2.6\commons-io-2.6.jar;D:\层帝\博客云架构\m2\repository\org\apache\commons\commons-lang3\3.6\commons-lang3-3.6.jar;D:\层帝\博客云架构\m2\repository\org\springframework\boot\spring-boot-starter-test\2.0.1.RELEASE\spring-boot-starter-test-2.0.1.RELEASE.jar;D:\层帝\博客云架构\m2\repository\org\springframework\boot\spring-boot-test\2.0.1.RELEASE\spring-boot-test-2.0.1.RELEASE.jar;D:\层帝\博客云架构\m2\repository\org\springframework\boot\spring-boot-test-autoconfigure\2.0.1.RELEASE\spring-boot-test-autoconfigure-2.0.1.RELEASE.jar;D:\层帝\博客云架构\m2\repository\com\jayway\jsonpath\json-path\2.4.0\json-path-2.4.0.jar;D:\层帝\博客云架构\m2\repository\net\minidev\json-smart\2.3\json-smart-2.3.jar;D:\层帝\博客云架构\m2\repository\net\minidev\accessors-smart\1.2\accessors-smart-1.2.jar;D:\层帝\博客云架构\m2\repository\org\ow2\asm\asm\5.0.4\asm-5.0.4.jar;D:\层帝\博客云架构\m2\repository\junit\junit\4.12\junit-4.12.jar;D:\层帝\博客云架构\m2\repository\org\assertj\assertj-core\3.9.1\assertj-core-3.9.1.jar;D:\层帝\博客云架构\m2\repository\org\mockito\mockito-core\2.15.0\mockito-core-2.15.0.jar;D:\层帝\博客云架构\m2\repository\net\bytebuddy\byte-buddy\1.7.11\byte-buddy-1.7.11.jar;D:\层帝\博客云架构\m2\repository\net\bytebuddy\byte-buddy-agent\1.7.11\byte-buddy-agent-1.7.11.jar;D:\层帝\博客云架构\m2\repository\org\objenesis\objenesis\2.6\objenesis-2.6.jar;D:\层帝\博客云架构\m2\repository\org\hamcrest\hamcrest-core\1.3\hamcrest-core-1.3.jar;D:\层帝\博客云架构\m2\repository\org\hamcrest\hamcrest-library\1.3\hamcrest-library-1.3.jar;D:\层帝\博客云架构\m2\repository\org\skyscreamer\jsonassert\1.5.0\jsonassert-1.5.0.jar;D:\层帝\博客云架构\m2\repository\com\vaadin\external\google\android-json\0.0.20131108.vaadin1\android-json-0.0.20131108.vaadin1.jar;D:\层帝\博客云架构\m2\repository\org\springframework\spring-test\5.0.5.RELEASE\spring-test-5.0.5.RELEASE.jar;D:\层帝\博客云架构\m2\repository\org\xmlunit\xmlunit-core\2.5.1\xmlunit-core-2.5.1.jar;D:\层帝\博客云架构\m2\repository\com\github\pagehelper\pagehelper-spring-boot-starter\1.2.4\pagehelper-spring-boot-starter-1.2.4.jar;D:\层帝\博客云架构\m2\repository\com\github\pagehelper\pagehelper-spring-boot-autoconfigure\1.2.4\pagehelper-spring-boot-autoconfigure-1.2.4.jar;D:\层帝\博客云架构\m2\repository\com\github\pagehelper\pagehelper\5.1.3\pagehelper-5.1.3.jar;D:\层帝\博客云架构\m2\repository\com\github\jsqlparser\jsqlparser\1.0\jsqlparser-1.0.jar;, java.specification.name=Java Platform API Specification, java.class.version=52.0, sun.management.compiler=HotSpot 64-Bit Tiered Compilers, os.version=10.0, idea.version2019.3.2=true, user.home=C:\Users\层帝, user.timezone=Asia/Shanghai, java.awt.printerjob=sun.awt.windows.WPrinterJob, file.encoding=GBK, java.specification.version=1.8, java.class.path=D:\idea\code\nm-service-manage-course\target\test-classes;D:\idea\code\nm-service-manage-course\target\classes;D:\idea\code\nm-service-api\target\nm-service-api.jar;D:\层帝\博客云架构\m2\repository\commons-fileupload\commons-fileupload\1.3.3\commons-fileupload-1.3.3.jar;D:\层帝\博客云架构\m2\repository\io\springfox\springfox-swagger2\2.7.0\springfox-swagger2-2.7.0.jar;D:\层帝\博客云架构\m2\repository\io\swagger\swagger-annotations\1.5.13\swagger-annotations-1.5.13.jar;D:\层帝\博客云架构\m2\repository\io\swagger\swagger-models\1.5.13\swagger-models-1.5.13.jar;D:\层帝\博客云架构\m2\repository\com\fasterxml\jackson\core\jackson-annotations\2.9.0\jackson-annotations-2.9.0.jar;D:\层帝\博客云架构\m2\repository\io\springfox\springfox-spi\2.7.0\springfox-spi-2.7.0.jar;D:\层帝\博客云架构\m2\repository\io\springfox\springfox-core\2.7.0\springfox-core-2.7.0.jar;D:\层帝\博客云架构\m2\repository\io\springfox\springfox-schema\2.7.0\springfox-schema-2.7.0.jar;D:\层帝\博客云架构\m2\repository\io\springfox\springfox-swagger-common\2.7.0\springfox-swagger-common-2.7.0.jar;D:\层帝\博客云架构\m2\repository\io\springfox\springfox-spring-web\2.7.0\springfox-spring-web-2.7.0.jar;D:\层帝\博客云架构\m2\repository\org\reflections\reflections\0.9.11\reflections-0.9.11.jar;D:\层帝\博客云架构\m2\repository\com\fasterxml\classmate\1.3.4\classmate-1.3.4.jar;D:\层帝\博客云架构\m2\repository\org\springframework\plugin\spring-plugin-core\1.2.0.RELEASE\spring-plugin-core-1.2.0.RELEASE.jar;D:\层帝\博客云架构\m2\repository\org\springframework\plugin\spring-plugin-metadata\1.2.0.RELEASE\spring-plugin-metadata-1.2.0.RELEASE.jar;D:\层帝\博客云架构\m2\repository\org\mapstruct\mapstruct\1.1.0.Final\mapstruct-1.1.0.Final.jar;D:\层帝\博客云架构\m2\repository\io\springfox\springfox-swagger-ui\2.7.0\springfox-swagger-ui-2.7.0.jar;D:\idea\code\nm-framework-model\target\nm-framework-model.jar;D:\层帝\博客云架构\m2\repository\org\projectlombok\lombok\1.16.16\lombok-1.16.16.jar;D:\层帝\博客云架构\m2\repository\org\springframework\data\spring-data-commons\2.0.6.RELEASE\spring-data-commons-2.0.6.RELEASE.jar;D:\层帝\博客云架构\m2\repository\org\springframework\data\spring-data-mongodb\2.0.6.RELEASE\spring-data-mongodb-2.0.6.RELEASE.jar;D:\层帝\博客云架构\m2\repository\org\springframework\spring-context\5.0.5.RELEASE\spring-context-5.0.5.RELEASE.jar;D:\层帝\博客云架构\m2\repository\org\springframework\spring-expression\5.0.5.RELEASE\spring-expression-5.0.5.RELEASE.jar;D:\层帝\博客云架构\m2\repository\org\mongodb\mongo-java-driver\3.6.3\mongo-java-driver-3.6.3.jar;D:\层帝\博客云架构\m2\repository\org\hibernate\hibernate-core\5.2.16.Final\hibernate-core-5.2.16.Final.jar;D:\层帝\博客云架构\m2\repository\org\jboss\logging\jboss-logging\3.3.2.Final\jboss-logging-3.3.2.Final.jar;D:\层帝\博客云架构\m2\repository\org\hibernate\javax\persistence\hibernate-jpa-2.1-api\1.0.0.Final\hibernate-jpa-2.1-api-1.0.0.Final.jar;D:\层帝\博客云架构\m2\repository\org\javassist\javassist\3.22.0-GA\javassist-3.22.0-GA.jar;D:\层帝\博客云架构\m2\repository\antlr\antlr\2.7.7\antlr-2.7.7.jar;D:\层帝\博客云架构\m2\repository\org\jboss\spec\javax\transaction\jboss-transaction-api_1.2_spec\1.0.1.Final\jboss-transaction-api_1.2_spec-1.0.1.Final.jar;D:\层帝\博客云架构\m2\repository\org\jboss\jandex\2.0.3.Final\jandex-2.0.3.Final.jar;D:\层帝\博客云架构\m2\repository\dom4j\dom4j\1.6.1\dom4j-1.6.1.jar;D:\层帝\博客云架构\m2\repository\org\hibernate\common\hibernate-commons-annotations\5.0.1.Final\hibernate-commons-annotations-5.0.1.Final.jar;D:\层帝\博客云架构\m2\repository\com\google\guava\guava\24.0-jre\guava-24.0-jre.jar;D:\层帝\博客云架构\m2\repository\com\google\code\findbugs\jsr305\1.3.9\jsr305-1.3.9.jar;D:\层帝\博客云架构\m2\repository\org\checkerframework\checker-compat-qual\2.0.0\checker-compat-qual-2.0.0.jar;D:\层帝\博客云架构\m2\repository\com\google\errorprone\error_prone_annotations\2.1.3\error_prone_annotations-2.1.3.jar;D:\层帝\博客云架构\m2\repository\com\google\j2objc\j2objc-annotations\1.1\j2objc-annotations-1.1.jar;D:\层帝\博客云架构\m2\repository\org\codehaus\mojo\animal-sniffer-annotations\1.14\animal-sniffer-annotations-1.14.jar;D:\idea\code\nm-framework-utils\target\nm-framework-utils.jar;D:\层帝\博客云架构\m2\repository\javax\servlet\javax.servlet-api\3.1.0\javax.servlet-api-3.1.0.jar;D:\层帝\博客云架构\m2\repository\org\springframework\boot\spring-boot-starter-logging\2.0.1.RELEASE\spring-boot-starter-logging-2.0.1.RELEASE.jar;D:\层帝\博客云架构\m2\repository\ch\qos\logback\logback-classic\1.2.3\logback-classic-1.2.3.jar;D:\层帝\博客云架构\m2\repository\ch\qos\logback\logback-core\1.2.3\logback-core-1.2.3.jar;D:\层帝\博客云架构\m2\repository\org\apache\logging\log4j\log4j-to-slf4j\2.10.0\log4j-to-slf4j-2.10.0.jar;D:\层帝\博客云架构\m2\repository\org\apache\logging\log4j\log4j-api\2.10.0\log4j-api-2.10.0.jar;D:\层帝\博客云架构\m2\repository\org\slf4j\jul-to-slf4j\1.7.25\jul-to-slf4j-1.7.25.jar;D:\层帝\博客云架构\m2\repository\org\apache\httpcomponents\httpclient\4.5.5\httpclient-4.5.5.jar;D:\层帝\博客云架构\m2\repository\org\apache\httpcomponents\httpcore\4.4.9\httpcore-4.4.9.jar;D:\层帝\博客云架构\m2\repository\commons-codec\commons-codec\1.10\commons-codec-1.10.jar;D:\层帝\博客云架构\m2\repository\net\lingala\zip4j\zip4j\1.3.1\zip4j-1.3.1.jar;D:\层帝\博客云架构\m2\repository\org\springframework\security\spring-security-crypto\5.0.4.RELEASE\spring-security-crypto-5.0.4.RELEASE.jar;D:\层帝\博客云架构\m2\repository\org\springframework\security\spring-security-jwt\1.0.8.RELEASE\spring-security-jwt-1.0.8.RELEASE.jar;D:\层帝\博客云架构\m2\repository\org\bouncycastle\bcpkix-jdk15on\1.56\bcpkix-jdk15on-1.56.jar;D:\层帝\博客云架构\m2\repository\org\bouncycastle\bcprov-jdk15on\1.56\bcprov-jdk15on-1.56.jar;D:\idea\code\nm-framework-common\target\nm-framework-common.jar;D:\层帝\博客云架构\m2\repository\org\springframework\spring-web\5.0.5.RELEASE\spring-web-5.0.5.RELEASE.jar;D:\层帝\博客云架构\m2\repository\org\springframework\cloud\spring-cloud-starter-openfeign\2.0.1.RELEASE\spring-cloud-starter-openfeign-2.0.1.RELEASE.jar;D:\层帝\博客云架构\m2\repository\org\springframework\cloud\spring-cloud-starter\2.0.1.RELEASE\spring-cloud-starter-2.0.1.RELEASE.jar;D:\层帝\博客云架构\m2\repository\org\springframework\cloud\spring-cloud-context\2.0.1.RELEASE\spring-cloud-context-2.0.1.RELEASE.jar;D:\层帝\博客云架构\m2\repository\org\springframework\security\spring-security-rsa\1.0.5.RELEASE\spring-security-rsa-1.0.5.RELEASE.jar;D:\层帝\博客云架构\m2\repository\org\springframework\cloud\spring-cloud-openfeign-core\2.0.1.RELEASE\spring-cloud-openfeign-core-2.0.1.RELEASE.jar;D:\层帝\博客云架构\m2\repository\org\springframework\cloud\spring-cloud-netflix-ribbon\2.0.1.RELEASE\spring-cloud-netflix-ribbon-2.0.1.RELEASE.jar;D:\层帝\博客云架构\m2\repository\org\springframework\cloud\spring-cloud-netflix-archaius\2.0.1.RELEASE\spring-cloud-netflix-archaius-2.0.1.RELEASE.jar;D:\层帝\博客云架构\m2\repository\org\springframework\cloud\spring-cloud-commons\2.0.1.RELEASE\spring-cloud-commons-2.0.1.RELEASE.jar;D:\层帝\博客云架构\m2\repository\io\github\openfeign\feign-core\9.5.1\feign-core-9.5.1.jar;D:\层帝\博客云架构\m2\repository\io\github\openfeign\feign-slf4j\9.5.1\feign-slf4j-9.5.1.jar;D:\层帝\博客云架构\m2\repository\io\github\openfeign\feign-hystrix\9.5.1\feign-hystrix-9.5.1.jar;D:\层帝\博客云架构\m2\repository\com\netflix\archaius\archaius-core\0.7.6\archaius-core-0.7.6.jar;D:\层帝\博客云架构\m2\repository\commons-configuration\commons-configuration\1.8\commons-configuration-1.8.jar;D:\层帝\博客云架构\m2\repository\commons-lang\commons-lang\2.6\commons-lang-2.6.jar;D:\层帝\博客云架构\m2\repository\com\netflix\hystrix\hystrix-core\1.5.12\hystrix-core-1.5.12.jar;D:\层帝\博客云架构\m2\repository\io\reactivex\rxjava\1.3.8\rxjava-1.3.8.jar;D:\层帝\博客云架构\m2\repository\org\hdrhistogram\HdrHistogram\2.1.9\HdrHistogram-2.1.9.jar;D:\层帝\博客云架构\m2\repository\io\github\openfeign\feign-java8\9.5.1\feign-java8-9.5.1.jar;D:\层帝\博客云架构\m2\repository\org\springframework\boot\spring-boot-starter-web\2.0.1.RELEASE\spring-boot-starter-web-2.0.1.RELEASE.jar;D:\层帝\博客云架构\m2\repository\org\springframework\boot\spring-boot-starter\2.0.1.RELEASE\spring-boot-starter-2.0.1.RELEASE.jar;D:\层帝\博客云架构\m2\repository\org\springframework\boot\spring-boot\2.0.1.RELEASE\spring-boot-2.0.1.RELEASE.jar;D:\层帝\博客云架构\m2\repository\javax\annotation\javax.annotation-api\1.3.2\javax.annotation-api-1.3.2.jar;D:\层帝\博客云架构\m2\repository\org\yaml\snakeyaml\1.19\snakeyaml-1.19.jar;D:\层帝\博客云架构\m2\repository\org\springframework\boot\spring-boot-starter-json\2.0.1.RELEASE\spring-boot-starter-json-2.0.1.RELEASE.jar;D:\层帝\博客云架构\m2\repository\com\fasterxml\jackson\core\jackson-databind\2.9.5\jackson-databind-2.9.5.jar;D:\层帝\博客云架构\m2\repository\com\fasterxml\jackson\core\jackson-core\2.9.5\jackson-core-2.9.5.jar;D:\层帝\博客云架构\m2\repository\com\fasterxml\jackson\datatype\jackson-datatype-jdk8\2.9.5\jackson-datatype-jdk8-2.9.5.jar;D:\层帝\博客云架构\m2\repository\com\fasterxml\jackson\datatype\jackson-datatype-jsr310\2.9.5\jackson-datatype-jsr310-2.9.5.jar;D:\层帝\博客云架构\m2\repository\com\fasterxml\jackson\module\jackson-module-parameter-names\2.9.5\jackson-module-parameter
[...]
	at org.springframework.beans.factory.support.AbstractBeanFactory.lambda$doGetBean$0(AbstractBeanFactory.java:317)
	at org.springframework.beans.factory.support.DefaultSingletonBeanRegistry.getSingleton(DefaultSingletonBeanRegistry.java:228)
	at org.springframework.beans.factory.support.AbstractBeanFactory.doGetBean(AbstractBeanFactory.java:315)
	at org.springframework.beans.factory.support.AbstractBeanFactory.getBean(AbstractBeanFactory.java:204)
	at org.springframework.context.annotation.CommonAnnotationBeanPostProcessor.autowireResource(CommonAnnotationBeanPostProcessor.java:513)
	at org.springframework.context.annotation.CommonAnnotationBeanPostProcessor.getResource(CommonAnnotationBeanPostProcessor.java:484)
	at org.springframework.context.annotation.CommonAnnotationBeanPostProcessor$ResourceElement.getResourceToInject(CommonAnnotationBeanPostProcessor.java:618)
	at org.springframework.beans.factory.annotation.InjectionMetadata$InjectedElement.inject(InjectionMetadata.java:177)
	at org.springframework.beans.factory.annotation.InjectionMetadata.inject(InjectionMetadata.java:91)
	at org.springframework.context.annotation.CommonAnnotationBeanPostProcessor.postProcessPropertyValues(CommonAnnotationBeanPostProcessor.java:318)
	... 56 common frames omitted
Caused by: java.lang.IllegalArgumentException: org.apache.ibatis.builder.BuilderException: Error creating document instance.  Cause: org.xml.sax.SAXParseException; lineNumber: 16; columnNumber: 17; 元素类型为 "resultMap" 的内容必须匹配 "(constructor?,id*,result*,association*,collection*,discriminator?)"。
	at org.mybatis.spring.mapper.MapperFactoryBean.checkDaoConfig(MapperFactoryBean.java:83)
	at org.springframework.dao.support.DaoSupport.afterPropertiesSet(DaoSupport.java:44)
	at org.springframework.beans.factory.support.AbstractAutowireCapableBeanFactory.invokeInitMethods(AbstractAutowireCapableBeanFactory.java:1761)
	at org.springframework.beans.factory.support.AbstractAutowireCapableBeanFactory.initializeBean(AbstractAutowireCapableBeanFactory.java:1698)
	... 68 common frames omitted
Caused by: org.apache.ibatis.builder.BuilderException: Error creating document instance.  Cause: org.xml.sax.SAXParseException; lineNumber: 16; columnNumber: 17; 元素类型为 "resultMap" 的内容必须匹配 "(constructor?,id*,result*,association*,collection*,discriminator?)"。
	at org.apache.ibatis.parsing.XPathParser.createDocument(XPathParser.java:259)
	at org.apache.ibatis.parsing.XPathParser.<init>(XPathParser.java:125)
	at org.apache.ibatis.builder.xml.XMLMapperBuilder.<init>(XMLMapperBuilder.java:78)
	at org.apache.ibatis.builder.xml.XMLMapperBuilder.<init>(XMLMapperBuilder.java:73)
	at org.apache.ibatis.builder.annotation.MapperAnnotationBuilder.loadXmlResource(MapperAnnotationBuilder.java:172)
	at org.apache.ibatis.builder.annotation.MapperAnnotationBuilder.parse(MapperAnnotationBuilder.java:124)
	at org.apache.ibatis.binding.MapperRegistry.addMapper(MapperRegistry.java:72)
	at org.apache.ibatis.session.Configuration.addMapper(Configuration.java:741)
	at org.mybatis.spring.mapper.MapperFactoryBean.checkDaoConfig(MapperFactoryBean.java:80)
	... 71 common frames omitted
Caused by: org.xml.sax.SAXParseException: 元素类型为 "resultMap" 的内容必须匹配 "(constructor?,id*,result*,association*,collection*,discriminator?)"。
	at com.sun.org.apache.xerces.internal.util.ErrorHandlerWrapper.createSAXParseException(ErrorHandlerWrapper.java:203)
	at com.sun.org.apache.xerces.internal.util.ErrorHandlerWrapper.error(ErrorHandlerWrapper.java:134)
	at com.sun.org.apache.xerces.internal.impl.XMLErrorReporter.reportError(XMLErrorReporter.java:396)
	at com.sun.org.apache.xerces.internal.impl.XMLErrorReporter.reportError(XMLErrorReporter.java:327)
	at com.sun.org.apache.xerces.internal.impl.XMLErrorReporter.reportError(XMLErrorReporter.java:284)
	at com.sun.org.apache.xerces.internal.impl.dtd.XMLDTDValidator.handleEndElement(XMLDTDValidator.java:1994)
	at com.sun.org.apache.xerces.internal.impl.dtd.XMLDTDValidator.endElement(XMLDTDValidator.java:879)
	at com.sun.org.apache.xerces.internal.impl.XMLDocumentFragmentScannerImpl.scanEndElement(XMLDocumentFragmentScannerImpl.java:1783)
	at com.sun.org.apache.xerces.internal.impl.XMLDocumentFragmentScannerImpl$FragmentContentDriver.next(XMLDocumentFragmentScannerImpl.java:2970)
	at com.sun.org.apache.xerces.internal.impl.XMLDocumentScannerImpl.next(XMLDocumentScannerImpl.java:606)
	at com.sun.org.apache.xerces.internal.impl.XMLDocumentFragmentScannerImpl.scanDocument(XMLDocumentFragmentScannerImpl.java:510)
	at com.sun.org.apache.xerces.internal.parsers.XML11Configuration.parse(XML11Configuration.java:848)
	at com.sun.org.apache.xerces.internal.parsers.XML11Configuration.parse(XML11Configuration.java:777)
	at com.sun.org.apache.xerces.internal.parsers.XMLParser.parse(XMLParser.java:141)
	at com.sun.org.apache.xerces.internal.parsers.DOMParser.parse(DOMParser.java:243)
	at com.sun.org.apache.xerces.internal.jaxp.DocumentBuilderImpl.parse(DocumentBuilderImpl.java:339)
	at org.apache.ibatis.parsing.XPathParser.createDocument(XPathParser.java:257)
	... 79 common frames omitted
2020-02-21 22:04:17.972 [main] ERROR o.s.test.context.TestContextManager - Caught exception while allowing TestExecutionListener [org.springframework.test.context.web.ServletTestExecutionListener@865dd6] to prepare test instance [com.ningmeng.manage_course.dao.TestDao@f96654]
java.lang.IllegalStateException: Failed to load ApplicationContext
	at org.springframework.test.context.cache.DefaultCacheAwareContextLoaderDelegate.loadContext(DefaultCacheAwareContextLoaderDelegate.java:125)
	at org.springframework.test.context.support.DefaultTestContext.getApplicationContext(DefaultTestContext.java:108)
	at org.springframework.test.context.web.ServletTestExecutionListener.setUpRequestContextIfNecessary(ServletTestExecutionListener.java:190)
	at org.springframework.test.context.web.ServletTestExecutionListener.prepareTestInstance(ServletTestExecutionListener.java:132)
	at org.springframework.test.context.TestContextManager.prepareTestInstance(TestContextManager.java:246)
	at org.springframework.test.context.junit4.SpringJUnit4ClassRunner.createTest(SpringJUnit4ClassRunner.java:227)
	at org.springframework.test.context.junit4.SpringJUnit4ClassRunner$1.runReflectiveCall(SpringJUnit4ClassRunner.java:289)
	at org.junit.internal.runners.model.ReflectiveCallable.run(ReflectiveCallable.java:12)
	at org.springframework.test.context.junit4.SpringJUnit4ClassRunner.methodBlock(SpringJUnit4ClassRunner.java:291)
	at org.springframework.test.context.junit4.SpringJUnit4ClassRunner.runChild(SpringJUnit4ClassRunner.java:246)
	at org.springframework.test.context.junit4.SpringJUnit4ClassRunner.runChild(SpringJUnit4ClassRunner.java:97)
	at org.junit.runners.ParentRunner$3.run(ParentRunner.java:290)
	at org.junit.runners.ParentRunner$1.schedule(ParentRunner.java:71)
	at org.junit.runners.ParentRunner.runChildren(ParentRunner.java:288)
	at org.junit.runners.ParentRunner.access$000(ParentRunner.java:58)
	at org.junit.runners.ParentRunner$2.evaluate(ParentRunner.java:268)
	at org.springframework.test.context.junit4.statements.RunBeforeTestClassCallbacks.evaluate(RunBeforeTestClassCallbacks.java:61)
	at org.springframework.test.context.junit4.statements.RunAfterTestClassCallbacks.evaluate(RunAfterTestClassCallbacks.java:70)
	at org.junit.runners.ParentRunner.run(ParentRunner.java:363)
	at org.springframework.test.context.junit4.SpringJUnit4ClassRunner.run(SpringJUnit4ClassRunner.java:190)
	at org.apache.maven.surefire.junit4.JUnit4Provider.execute(JUnit4Provider.java:365)
	at org.apache.maven.surefire.junit4.JUnit4Provider.executeWithRerun(JUnit4Provider.java:273)
	at org.apache.maven.surefire.junit4.JUnit4Provider.executeTestSet(JUnit4Provider.java:238)
	at org.apache.maven.surefire.junit4.JUnit4Provider.invoke(JUnit4Provider.java:159)
	at org.apache.maven.surefire.booter.ForkedBooter.invokeProviderInSameClassLoader(ForkedBooter.java:379)
	at org.apache.maven.surefire.booter.ForkedBooter.runSuitesInProcess(ForkedBooter.java:340)
	at org.apache.maven.surefire.booter.ForkedBooter.execute(ForkedBooter.java:125)
	at org.apache.maven.surefire.booter.ForkedBooter.main(ForkedBooter.java:413)
Caused by: org.springframework.beans.factory.BeanCreationException: Error creating bean with name 'courseController': Injection of resource dependencies failed; nested exception is org.springframework.beans.factory.BeanCreationException: Error creating bean with name 'courseService': Injection of resource dependencies failed; nested exception is org.springframework.beans.factory.BeanCreationException: Error creating bean with name 'teachplanMapper' defined in file [D:\idea\code\nm-service-manage-course\target\classes\com\ningmeng\manage_course\dao\TeachplanMapper.class]: Invocation of init method failed; nested exception is java.lang.IllegalArgumentException: org.apache.ibatis.builder.BuilderException: Error creating document instance.  Cause: org.xml.sax.SAXParseException; lineNumber: 16; columnNumber: 17; 元素类型为 "resultMap" 的内容必须匹配 "(constructor?,id*,result*,association*,collection*,discriminator?)"。
	at org.springframework.context.annotation.CommonAnnotationBeanPostProcessor.postProcessPropertyValues(CommonAnnotationBeanPostProcessor.java:321)
	at org.springframework.beans.factory.support.AbstractAutowireCapableBeanFactory.populateBean(AbstractAutowireCapableBeanFactory.java:1344)
	at org.springframework.beans.factory.support.AbstractAutowireCapableBeanFactory.doCreateBean(AbstractAutowireCapableBeanFactory.java:578)
	at org.springframework.beans.factory.support.AbstractAutowireCapableBeanFactory.createBean(AbstractAutowireCapableBeanFactory.java:501)
	at org.springframework.beans.factory.support.AbstractBeanFactory.lambda$doGetBean$0(AbstractBeanFactory.java:317)
	at org.springframework.beans.factory.support.DefaultSingletonBeanRegistry.getSingleton(DefaultSingletonBeanRegistry.java:228)
	at org.springframework.beans.factory.support.AbstractBeanFactory.doGetBean(AbstractBeanFactory.java:315)
	at org.springframework.beans.factory.support.AbstractBeanFactory.getBean(AbstractBeanFactory.java:199)
	at org.springframework.beans.factory.support.DefaultListableBeanFactory.preInstantiateSingletons(DefaultListableBeanFactory.java:760)
	at org.springframework.context.support.AbstractApplicationContext.finishBeanFactoryInitialization(AbstractApplicationContext.java:869)
	at org.springframework.context.support.AbstractApplicationContext.refresh(AbstractApplicationContext.java:550)
	at org.springframework.boot.SpringApplication.refresh(SpringApplication.java:759)
	at org.springframework.boot.SpringApplication.refreshContext(SpringApplication.java:395)
	at org.springframework.boot.SpringApplication.run(SpringApplication.java:327)
	at org.springframework.boot.test.context.SpringBootContextLoader.loadContext(SpringBootContextLoader.java:138)
	at org.springframework.test.context.cache.DefaultCacheAwareContextLoaderDelegate.loadContextInternal(DefaultCacheAwareContextLoaderDelegate.java:99)
	at org.springframework.test.context.cache.DefaultCacheAwareContextLoaderDelegate.loadContext(DefaultCacheAwareContextLoaderDelegate.java:117)
	... 27 common frames omitted
Caused by: org.springframework.beans.factory.BeanCreationException: Error creating bean with name 'courseService': Injection of resource dependencies failed; nested exception is org.springframework.beans.factory.BeanCreationException: Error creating bean with name 'teachplanMapper' defined in file [D:\idea\code\nm-service-manage-course\target\classes\com\ningmeng\manage_course\dao\TeachplanMapper.class]: Invocation of init method failed; nested exception is java.lang.IllegalArgumentException: org.apache.ibatis.builder.BuilderException: Error creating document instance.  Cause: org.xml.sax.SAXParseException; lineNumber: 16; columnNumber: 17; 元素类型为 "resultMap" 的内容必须匹配 "(constructor?,id*,result*,association*,collection*,discriminator?)"。
	at org.springframework.context.annotation.CommonAnnotationBeanPostProcessor.postProcessPropertyValues(CommonAnnotationBeanPostProcessor.java:321)
	at org.springframework.beans.factory.support.AbstractAutowireCapableBeanFactory.populateBean(AbstractAutowireCapableBeanFactory.java:1344)
	at org.springframework.beans.factory.support.AbstractAutowireCapableBeanFactory.doCreateBean(AbstractAutowireCapableBeanFactory.java:578)
	at org.springframework.beans.factory.support.AbstractAutowireCapableBeanFactory.createBean(AbstractAutowireCapableBeanFactory.java:501)
	at org.springframework.beans.factory.support.AbstractBeanFactory.lambda$doGetBean$0(AbstractBeanFactory.java:317)
	at org.springframework.beans.factory.support.DefaultSingletonBeanRegistry.getSingleton(DefaultSingletonBeanRegistry.java:228)
	at org.springframework.beans.factory.support.AbstractBeanFactory.doGetBean(AbstractBeanFactory.java:315)
	at org.springframework.beans.factory.support.AbstractBeanFactory.getBean(AbstractBeanFactory.java:204)
	at org.springframework.context.annotation.CommonAnnotationBeanPostProcessor.autowireResource(CommonAnnotationBeanPostProcessor.java:513)
	at org.springframework.context.annotation.CommonAnnotationBeanPostProcessor.getResource(CommonAnnotationBeanPostProcessor.java:484)
	at org.springframework.context.annotation.CommonAnnotationBeanPostProcessor$ResourceElement.getResourceToInject(CommonAnnotationBeanPostProcessor.java:618)
	at org.springframework.beans.factory.annotation.InjectionMetadata$InjectedElement.inject(InjectionMetadata.java:177)
	at org.springframework.beans.factory.annotation.InjectionMetadata.inject(InjectionMetadata.java:91)
	at org.springframework.context.annotation.CommonAnnotationBeanPostProcessor.postProcessPropertyValues(CommonAnnotationBeanPostProcessor.java:318)
	... 43 common frames omitted
Caused by: org.springframework.beans.factory.BeanCreationException: Error creating bean with name 'teachplanMapper' defined in file [D:\idea\code\nm-service-manage-course\target\classes\com\ningmeng\manage_course\dao\TeachplanMapper.class]: Invocation of init method failed; nested exception is java.lang.IllegalArgumentException: org.apache.ibatis.builder.BuilderException: Error creating document instance.  Cause: org.xml.sax.SAXParseException; lineNumber: 16; columnNumber: 17; 元素类型为 "resultMap" 的内容必须匹配 "(constructor?,id*,result*,association*,collection*,discriminator?)"。
	at org.springframework.beans.factory.support.AbstractAutowireCapableBeanFactory.initializeBean(AbstractAutowireCapableBeanFactory.java:1702)
	at org.springframework.beans.factory.support.AbstractAutowireCapableBeanFactory.doCreateBean(AbstractAutowireCapableBeanFactory.java:579)
	at org.springframework.beans.factory.support.AbstractAutowireCapableBeanFactory.createBean(AbstractAutowireCapableBeanFactory.java:501)
	at org.springframework.beans.factory.support.AbstractBeanFactory.lambda$doGetBean$0(AbstractBeanFactory.java:317)
	at org.springframework.beans.factory.support.DefaultSingletonBeanRegistry.getSingleton(DefaultSingletonBeanRegistry.java:228)
	at org.springframework.beans.factory.support.AbstractBeanFactory.doGetBean(AbstractBeanFactory.java:315)
	at org.springframework.beans.factory.support.AbstractBeanFactory.getBean(AbstractBeanFactory.java:204)
	at org.springframework.context.annotation.CommonAnnotationBeanPostProcessor.autowireResource(CommonAnnotationBeanPostProcessor.java:513)
	at org.springframework.context.annotation.CommonAnnotationBeanPostProcessor.getResource(CommonAnnotationBeanPostProcessor.java:484)
	at org.springframework.context.annotation.CommonAnnotationBeanPostProcessor$ResourceElement.getResourceToInject(CommonAnnotationBeanPostProcessor.java:618)
	at org.springframework.beans.factory.annotation.InjectionMetadata$InjectedElement.inject(InjectionMetadata.java:177)
	at org.springframework.beans.factory.annotation.InjectionMetadata.inject(InjectionMetadata.java:91)
	at org.springframework.context.annotation.CommonAnnotationBeanPostProcessor.postProcessPropertyValues(CommonAnnotationBeanPostProcessor.java:318)
	... 56 common frames omitted
Caused by: java.lang.IllegalArgumentException: org.apache.ibatis.builder.BuilderException: Error creating document instance.  Cause: org.xml.sax.SAXParseException; lineNumber: 16; columnNumber: 17; 元素类型为 "resultMap" 的内容必须匹配 "(constructor?,id*,result*,association*,collection*,discriminator?)"。
	at org.mybatis.spring.mapper.MapperFactoryBean.checkDaoConfig(MapperFactoryBean.java:83)
	at org.springframework.dao.support.DaoSupport.afterPropertiesSet(DaoSupport.java:44)
	at org.springframework.beans.factory.support.AbstractAutowireCapableBeanFactory.invokeInitMethods(AbstractAutowireCapableBeanFactory.java:1761)
	at org.springframework.beans.factory.support.AbstractAutowireCapableBeanFactory.initializeBean(AbstractAutowireCapableBeanFactory.java:1698)
	... 68 common frames omitted
Caused by: org.apache.ibatis.builder.BuilderException: Error creating document instance.  Cause: org.xml.sax.SAXParseException; lineNumber: 16; columnNumber: 17; 元素类型为 "resultMap" 的内容必须匹配 "(constructor?,id*,result*,association*,collection*,discriminator?)"。
	at org.apache.ibatis.parsing.XPathParser.createDocument(XPathParser.java:259)
	at org.apache.ibatis.parsing.XPathParser.<init>(XPathParser.java:125)
	at org.apache.ibatis.builder.xml.XMLMapperBuilder.<init>(XMLMapperBuilder.java:78)
	at org.apache.ibatis.builder.xml.XMLMapperBuilder.<init>(XMLMapperBuilder.java:73)
	at org.apache.ibatis.builder.annotation.MapperAnnotationBuilder.loadXmlResource(MapperAnnotationBuilder.java:172)
	at org.apache.ibatis.builder.annotation.MapperAnnotationBuilder.parse(MapperAnnotationBuilder.java:124)
	at org.apache.ibatis.binding.MapperRegistry.addMapper(MapperRegistry.java:72)
	at org.apache.ibatis.session.Configuration.addMapper(Configuration.java:741)
	at org.mybatis.spring.mapper.MapperFactoryBean.checkDaoConfig(MapperFactoryBean.java:80)
	... 71 common frames omitted
Caused by: org.xml.sax.SAXParseException: 元素类型为 "resultMap" 的内容必须匹配 "(constructor?,id*,result*,association*,collection*,discriminator?)"。
	at com.sun.org.apache.xerces.internal.util.ErrorHandlerWrapper.createSAXParseException(ErrorHandlerWrapper.java:203)
	at com.sun.org.apache.xerces.internal.util.ErrorHandlerWrapper.error(ErrorHandlerWrapper.java:134)
	at com.sun.org.apache.xerces.internal.impl.XMLErrorReporter.reportError(XMLErrorReporter.java:396)
	at com.sun.org.apache.xerces.internal.impl.XMLErrorReporter.reportError(XMLErrorReporter.java:327)
	at com.sun.org.apache.xerces.internal.impl.XMLErrorReporter.reportError(XMLErrorReporter.java:284)
	at com.sun.org.apache.xerces.internal.impl.dtd.XMLDTDValidator.handleEndElement(XMLDTDValidator.java:1994)
	at com.sun.org.apache.xerces.internal.impl.dtd.XMLDTDValidator.endElement(XMLDTDValidator.java:879)
	at com.sun.org.apache.xerces.internal.impl.XMLDocumentFragmentScannerImpl.scanEndElement(XMLDocumentFragmentScannerImpl.java:1783)
	at com.sun.org.apache.xerces.internal.impl.XMLDocumentFragmentScannerImpl$FragmentContentDriver.next(XMLDocumentFragmentScannerImpl.java:2970)
	at com.sun.org.apache.xerces.internal.impl.XMLDocumentScannerImpl.next(XMLDocumentScannerImpl.java:606)
	at com.sun.org.apache.xerces.internal.impl.XMLDocumentFragmentScannerImpl.scanDocument(XMLDocumentFragmentScannerImpl.java:510)
	at com.sun.org.apache.xerces.internal.parsers.XML11Configuration.parse(XML11Configuration.java:848)
	at com.sun.org.apache.xerces.internal.parsers.XML11Configuration.parse(XML11Configuration.java:777)
	at com.sun.org.apache.xerces.internal.parsers.XMLParser.parse(XMLParser.java:141)
	at com.sun.org.apache.xerces.internal.parsers.DOMParser.parse(DOMParser.java:243)
	at com.sun.org.apache.xerces.internal.jaxp.DocumentBuilderImpl.parse(DocumentBuilderImpl.java:339)
	at org.apache.ibatis.parsing.XPathParser.createDocument(XPathParser.java:257)
	... 79 common frames omitted
]]></system-out>
  </testcase>
</testsuite>