-------------------------------------------------------------------------------
Test set: com.ningmeng.manage_cms.CmsPageRepositoryTest
-------------------------------------------------------------------------------
Tests run: 5, Failures: 0, Errors: 5, Skipped: 0, Time elapsed: 10.207 s <<< FAILURE! - in com.ningmeng.manage_cms.CmsPageRepositoryTest
testFindAll(com.ningmeng.manage_cms.CmsPageRepositoryTest)  Time elapsed: 0.002 s  <<< ERROR!
java.lang.IllegalStateException: Failed to load ApplicationContext
Caused by: java.lang.IllegalStateException: 
Logback configuration error detected: 
ERROR in ch.qos.logback.core.rolling.RollingFileAppender[FILE] - Failed to create parent directories for [e:\cms\logs\nm.2020-02-12.log]
ERROR in ch.qos.logback.core.rolling.RollingFileAppender[FILE] - openFile(null,true) call failed. java.io.FileNotFoundException: e:\cms\logs\nm.2020-02-12.log (系统找不到指定的路径。)

testFindPage(com.ningmeng.manage_cms.CmsPageRepositoryTest)  Time elapsed: 0 s  <<< ERROR!
java.lang.IllegalStateException: Failed to load ApplicationContext
Caused by: java.lang.IllegalStateException: 
Logback configuration error detected: 
ERROR in ch.qos.logback.core.rolling.RollingFileAppender[FILE] - Failed to create parent directories for [e:\cms\logs\nm.2020-02-12.log]
ERROR in ch.qos.logback.core.rolling.RollingFileAppender[FILE] - openFile(null,true) call failed. java.io.FileNotFoundException: e:\cms\logs\nm.2020-02-12.log (系统找不到指定的路径。)

testDelete(com.ningmeng.manage_cms.CmsPageRepositoryTest)  Time elapsed: 0.001 s  <<< ERROR!
java.lang.IllegalStateException: Failed to load ApplicationContext
Caused by: java.lang.IllegalStateException: 
Logback configuration error detected: 
ERROR in ch.qos.logback.core.rolling.RollingFileAppender[FILE] - Failed to create parent directories for [e:\cms\logs\nm.2020-02-12.log]
ERROR in ch.qos.logback.core.rolling.RollingFileAppender[FILE] - openFile(null,true) call failed. java.io.FileNotFoundException: e:\cms\logs\nm.2020-02-12.log (系统找不到指定的路径。)

testInsert(com.ningmeng.manage_cms.CmsPageRepositoryTest)  Time elapsed: 0 s  <<< ERROR!
java.lang.IllegalStateException: Failed to load ApplicationContext
Caused by: java.lang.IllegalStateException: 
Logback configuration error detected: 
ERROR in ch.qos.logback.core.rolling.RollingFileAppender[FILE] - Failed to create parent directories for [e:\cms\logs\nm.2020-02-12.log]
ERROR in ch.qos.logback.core.rolling.RollingFileAppender[FILE] - openFile(null,true) call failed. java.io.FileNotFoundException: e:\cms\logs\nm.2020-02-12.log (系统找不到指定的路径。)

testUpdate(com.ningmeng.manage_cms.CmsPageRepositoryTest)  Time elapsed: 0 s  <<< ERROR!
java.lang.IllegalStateException: Failed to load ApplicationContext
Caused by: java.lang.IllegalStateException: 
Logback configuration error detected: 
ERROR in ch.qos.logback.core.rolling.RollingFileAppender[FILE] - Failed to create parent directories for [e:\cms\logs\nm.2020-02-12.log]
ERROR in ch.qos.logback.core.rolling.RollingFileAppender[FILE] - openFile(null,true) call failed. java.io.FileNotFoundException: e:\cms\logs\nm.2020-02-12.log (系统找不到指定的路径。)

